#
# A fatal error has been detected by the Java Runtime Environment:
#
#  EXCEPTION_ACCESS_VIOLATION (0xc0000005) at pc=0x00007ffcadb00022, pid=12120, tid=0x00000000000000e4
#
# JRE version: Java(TM) SE Runtime Environment (8.0_131-b11) (build 1.8.0_131-b11)
# Java VM: Java HotSpot(TM) 64-Bit Server VM (25.131-b11 mixed mode windows-amd64 compressed oops)
# Problematic frame:
# C  [lwjgl_opengl.dll+0x10022]
#
# Failed to write core dump. Minidumps are not enabled by default on client versions of Windows
#
# If you would like to submit a bug report, please visit:
#   http://bugreport.java.com/bugreport/crash.jsp
# The crash happened outside the Java Virtual Machine in native code.
# See problematic frame for where to report the bug.
#

---------------  T H R E A D  ---------------

Current thread (0x000000001afa1800):  JavaThread "Thread-2" [_thread_in_native, id=228, stack(0x000000001b690000,0x000000001b790000)]

siginfo: ExceptionCode=0xc0000005, reading address 0x0000000000002cc8

Registers:
RAX=0x0000000000001907, RBX=0x0000000000000000, RCX=0x0000000000000000, RDX=0x0000000000000000
RSP=0x000000001b78ef50, RBP=0x000000001b78f048, RSI=0x00000000125f5000, RDI=0x0000000003647e70
R8 =0x0000000000000780, R9 =0x0000000000000438, R10=0x0000000000000000, R11=0x000000005ee6bd80
R12=0x0000000000000000, R13=0x0000000017f9e328, R14=0x000000001b78f0a0, R15=0x000000001afa1800
RIP=0x00007ffcadb00022, EFLAGS=0x0000000000010206

Top of Stack: (sp=0x000000001b78ef50)
0x000000001b78ef50:   0000000017f9e328 000000001afa1800
0x000000001b78ef60:   0000000003647e70 0000000003657e06
0x000000001b78ef70:   0000000000001907 0000000000001401
0x000000001b78ef80:   000000001b89e040 00000000125f5000
0x000000001b78ef90:   0000000017f9e328 0000000003657f74
0x000000001b78efa0:   000000001af8e730 000000005ecf75ea
0x000000001b78efb0:   000000001b78f4b8 000000001b78f048
0x000000001b78efc0:   0000000000000780 0000000000000438
0x000000001b78efd0:   0000000000001907 0000000000001401
0x000000001b78efe0:   000000001b89e040 0000000017f9e328
0x000000001b78eff0:   00000000125f5000 000000001afa1800
0x000000001b78f000:   0000000003657ca2 000000001b78f008
0x000000001b78f010:   0000000017f9e328 000000001b78f0a0
0x000000001b78f020:   0000000017fd5c40 0000000000000000
0x000000001b78f030:   0000000017f9e328 0000000000000000
0x000000001b78f040:   000000001b78f068 000000001b78f0e8 

Instructions: (pc=0x00007ffcadb00022)
0x00007ffcadb00002:   24 90 00 00 00 48 89 44 24 30 8b 84 24 88 00 00
0x00007ffcadb00012:   00 89 44 24 28 8b 84 24 80 00 00 00 89 44 24 20
0x00007ffcadb00022:   41 ff 92 c8 2c 00 00 48 83 c4 40 5b c3 cc 40 53
0x00007ffcadb00032:   48 8b 01 41 8b d8 44 8b 44 24 30 41 8b d1 44 8b 


Register to memory mapping:

RAX=0x0000000000001907 is an unknown value
RBX=0x0000000000000000 is an unknown value
RCX=0x0000000000000000 is an unknown value
RDX=0x0000000000000000 is an unknown value
RSP=0x000000001b78ef50 is pointing into the stack for thread: 0x000000001afa1800
RBP=0x000000001b78f048 is pointing into the stack for thread: 0x000000001afa1800
RSI=0x00000000125f5000 is an unknown value
RDI=0x0000000003647e70 is at code_begin+1040 in an Interpreter codelet
invoke return entry points  [0x0000000003647a60, 0x0000000003648440]  2528 bytes
R8 =0x0000000000000780 is an unknown value
R9 =0x0000000000000438 is an unknown value
R10=0x0000000000000000 is an unknown value
R11=0x000000005ee6bd80 is an unknown value
R12=0x0000000000000000 is an unknown value
R13={method} {0x0000000017f9e330} 'nglReadPixels' '(IIIIIIJ)V' in 'org/lwjgl/opengl/GL11'
R14=0x000000001b78f0a0 is pointing into the stack for thread: 0x000000001afa1800
R15=0x000000001afa1800 is a thread


Stack: [0x000000001b690000,0x000000001b790000],  sp=0x000000001b78ef50,  free space=1019k
Native frames: (J=compiled Java code, j=interpreted, Vv=VM code, C=native code)
C  [lwjgl_opengl.dll+0x10022]
C  0x0000000003657f74

Java frames: (J=compiled Java code, j=interpreted, Vv=VM code)
j  org.lwjgl.opengl.GL11.nglReadPixels(IIIIIIJ)V+0
j  org.lwjgl.opengl.GL11.glReadPixels(IIIIIILjava/nio/ByteBuffer;)V+13
j  ScreenCapture$ScreenPanel.screenShot()Ljava/awt/image/BufferedImage;+44
j  ScreenCapture$ScreenPanel.run()V+23
j  java.lang.Thread.run()V+11
v  ~StubRoutines::call_stub

---------------  P R O C E S S  ---------------

Java Threads: ( => current thread )
  0x0000000003542800 JavaThread "DestroyJavaVM" [_thread_blocked, id=11428, stack(0x0000000003440000,0x0000000003540000)]
  0x000000001afab000 JavaThread "Thread-3" [_thread_blocked, id=10896, stack(0x000000001b790000,0x000000001b890000)]
=>0x000000001afa1800 JavaThread "Thread-2" [_thread_in_native, id=228, stack(0x000000001b690000,0x000000001b790000)]
  0x000000001ac96800 JavaThread "AWT-EventQueue-0" [_thread_blocked, id=11996, stack(0x000000001b490000,0x000000001b590000)]
  0x00000000198d9000 JavaThread "AWT-Windows" daemon [_thread_in_native, id=12392, stack(0x000000001a2d0000,0x000000001a3d0000)]
  0x00000000198d5800 JavaThread "AWT-Shutdown" [_thread_blocked, id=9612, stack(0x000000001a1d0000,0x000000001a2d0000)]
  0x00000000198d2800 JavaThread "Java2D Disposer" daemon [_thread_blocked, id=13516, stack(0x000000001a0d0000,0x000000001a1d0000)]
  0x0000000019599800 JavaThread "Service Thread" daemon [_thread_blocked, id=12132, stack(0x0000000019e00000,0x0000000019f00000)]
  0x00000000181c8800 JavaThread "C1 CompilerThread2" daemon [_thread_blocked, id=1944, stack(0x0000000019d00000,0x0000000019e00000)]
  0x00000000181bd800 JavaThread "C2 CompilerThread1" daemon [_thread_blocked, id=7188, stack(0x0000000019c00000,0x0000000019d00000)]
  0x00000000181bb800 JavaThread "C2 CompilerThread0" daemon [_thread_blocked, id=10320, stack(0x0000000019b00000,0x0000000019c00000)]
  0x00000000181b9800 JavaThread "Attach Listener" daemon [_thread_blocked, id=11856, stack(0x0000000019a00000,0x0000000019b00000)]
  0x0000000019543800 JavaThread "Signal Dispatcher" daemon [_thread_blocked, id=10892, stack(0x0000000019900000,0x0000000019a00000)]
  0x000000001818a800 JavaThread "Finalizer" daemon [_thread_blocked, id=14252, stack(0x0000000019400000,0x0000000019500000)]
  0x0000000003631800 JavaThread "Reference Handler" daemon [_thread_blocked, id=2868, stack(0x0000000019300000,0x0000000019400000)]

Other Threads:
  0x0000000018168000 VMThread [stack: 0x0000000019200000,0x0000000019300000] [id=6084]
  0x00000000195c2000 WatcherThread [stack: 0x0000000019f00000,0x000000001a000000] [id=4408]

VM state:not at safepoint (normal execution)

VM Mutex/Monitor currently owned by a thread: None

Heap:
 PSYoungGen      total 38400K, used 9016K [0x00000000d5d00000, 0x00000000da800000, 0x0000000100000000)
  eden space 33280K, 18% used [0x00000000d5d00000,0x00000000d6327dd0,0x00000000d7d80000)
  from space 5120K, 52% used [0x00000000d7d80000,0x00000000d8026620,0x00000000d8280000)
  to   space 5120K, 0% used [0x00000000da300000,0x00000000da300000,0x00000000da800000)
 ParOldGen       total 87552K, used 32427K [0x0000000081600000, 0x0000000086b80000, 0x00000000d5d00000)
  object space 87552K, 37% used [0x0000000081600000,0x00000000835aac90,0x0000000086b80000)
 Metaspace       used 10507K, capacity 10812K, committed 11136K, reserved 1058816K
  class space    used 1227K, capacity 1328K, committed 1408K, reserved 1048576K

Card table byte_map: [0x0000000012a00000,0x0000000012e00000] byte_map_base: 0x00000000125f5000

Marking Bits: (ParMarkBitMap*) 0x000000005f45c720
 Begin Bits: [0x00000000134b0000, 0x0000000015458000)
 End Bits:   [0x0000000015458000, 0x0000000017400000)

Polling page: 0x0000000001740000

CodeCache: size=245760Kb used=3057Kb max_used=3069Kb free=242702Kb
 bounds [0x0000000003640000, 0x0000000003950000, 0x0000000012640000]
 total_blobs=1271 nmethods=778 adapters=406
 compilation: enabled

Compilation events (10 events):
Event: 1.571 Thread 0x00000000181c8800 nmethod 771 0x000000000393a8d0 code [0x000000000393aa20, 0x000000000393ab50]
Event: 1.573 Thread 0x00000000181c8800  772       1       java.net.URL::getUserInfo (5 bytes)
Event: 1.573 Thread 0x00000000181c8800 nmethod 772 0x000000000393a610 code [0x000000000393a760, 0x000000000393a870]
Event: 1.573 Thread 0x00000000181c8800  773       1       sun.misc.URLClassPath$JarLoader::access$700 (5 bytes)
Event: 1.574 Thread 0x00000000181c8800 nmethod 773 0x000000000393a350 code [0x000000000393a4a0, 0x000000000393a590]
Event: 1.575 Thread 0x00000000181c8800  774       3       sun.misc.Launcher$AppClassLoader::loadClass (85 bytes)
Event: 1.576 Thread 0x00000000181c8800 nmethod 774 0x0000000003938f50 code [0x0000000003939180, 0x0000000003939ea8]
Event: 1.576 Thread 0x00000000181c8800  775  s    3       sun.misc.URLClassPath::knownToNotExist (24 bytes)
Event: 1.576 Thread 0x00000000181c8800 nmethod 775 0x000000000393bdd0 code [0x000000000393bf40, 0x000000000393c308]
Event: 1.580 Thread 0x00000000181bd800  777       4       java.lang.String::substring (79 bytes)

GC Heap History (2 events):
Event: 1.418 GC heap before
{Heap before GC invocations=1 (full 0):
 PSYoungGen      total 38400K, used 32143K [0x00000000d5d00000, 0x00000000d8780000, 0x0000000100000000)
  eden space 33280K, 96% used [0x00000000d5d00000,0x00000000d7c63ef8,0x00000000d7d80000)
  from space 5120K, 0% used [0x00000000d8280000,0x00000000d8280000,0x00000000d8780000)
  to   space 5120K, 0% used [0x00000000d7d80000,0x00000000d7d80000,0x00000000d8280000)
 ParOldGen       total 87552K, used 0K [0x0000000081600000, 0x0000000086b80000, 0x00000000d5d00000)
  object space 87552K, 0% used [0x0000000081600000,0x0000000081600000,0x0000000086b80000)
 Metaspace       used 8552K, capacity 8776K, committed 9088K, reserved 1056768K
  class space    used 1024K, capacity 1092K, committed 1152K, reserved 1048576K
Event: 1.434 GC heap after
Heap after GC invocations=1 (full 0):
 PSYoungGen      total 38400K, used 2713K [0x00000000d5d00000, 0x00000000da800000, 0x0000000100000000)
  eden space 33280K, 0% used [0x00000000d5d00000,0x00000000d5d00000,0x00000000d7d80000)
  from space 5120K, 52% used [0x00000000d7d80000,0x00000000d8026620,0x00000000d8280000)
  to   space 5120K, 0% used [0x00000000da300000,0x00000000da300000,0x00000000da800000)
 ParOldGen       total 87552K, used 32427K [0x0000000081600000, 0x0000000086b80000, 0x00000000d5d00000)
  object space 87552K, 37% used [0x0000000081600000,0x00000000835aac90,0x0000000086b80000)
 Metaspace       used 8552K, capacity 8776K, committed 9088K, reserved 1056768K
  class space    used 1024K, capacity 1092K, committed 1152K, reserved 1048576K
}

Deoptimization events (9 events):
Event: 0.341 Thread 0x0000000003542800 Uncommon trap: reason=null_check action=make_not_entrant pc=0x00000000037b9538 method=java.lang.String.equals(Ljava/lang/Object;)Z @ 8
Event: 0.636 Thread 0x0000000003542800 Uncommon trap: reason=class_check action=maybe_recompile pc=0x00000000037d2828 method=java.lang.String.equals(Ljava/lang/Object;)Z @ 8
Event: 0.636 Thread 0x0000000003542800 Uncommon trap: reason=class_check action=maybe_recompile pc=0x00000000037d2828 method=java.lang.String.equals(Ljava/lang/Object;)Z @ 8
Event: 0.636 Thread 0x0000000003542800 Uncommon trap: reason=class_check action=maybe_recompile pc=0x00000000037d2828 method=java.lang.String.equals(Ljava/lang/Object;)Z @ 8
Event: 0.636 Thread 0x0000000003542800 Uncommon trap: reason=class_check action=maybe_recompile pc=0x00000000037d2828 method=java.lang.String.equals(Ljava/lang/Object;)Z @ 8
Event: 1.294 Thread 0x0000000003542800 Uncommon trap: reason=unstable_if action=reinterpret pc=0x00000000038d06d0 method=java.lang.Character.isSurrogate(C)Z @ 3
Event: 1.294 Thread 0x0000000003542800 Uncommon trap: reason=unstable_if action=reinterpret pc=0x0000000003829438 method=java.lang.String.toLowerCase(Ljava/util/Locale;)Ljava/lang/String; @ 37
Event: 1.440 Thread 0x000000001afa1800 Uncommon trap: reason=unstable_if action=reinterpret pc=0x00000000038c64ec method=java.lang.ThreadLocal.get()Ljava/lang/Object; @ 11
Event: 1.522 Thread 0x000000001afa1800 Uncommon trap: reason=unstable_if action=reinterpret pc=0x00000000038e2460 method=java.nio.channels.spi.AbstractInterruptibleChannel.end(Z)V @ 31

Internal exceptions (10 events):
Event: 0.261 Thread 0x0000000003542800 Exception <a 'java/lang/NoSuchFieldError': method resolution failed> (0x00000000d5f81f90) thrown at [C:\re\workspace\8-2-build-windows-amd64-cygwin\jdk8u131\8869\hotspot\src\share\vm\prims\methodHandles.cpp, line 1146]
Event: 0.263 Thread 0x0000000003542800 Exception <a 'java/lang/NoSuchFieldError': method resolution failed> (0x00000000d5f8f360) thrown at [C:\re\workspace\8-2-build-windows-amd64-cygwin\jdk8u131\8869\hotspot\src\share\vm\prims\methodHandles.cpp, line 1146]
Event: 0.306 Thread 0x0000000003542800 Exception <a 'java/io/FileNotFoundException'> (0x00000000d6024078) thrown at [C:\re\workspace\8-2-build-windows-amd64-cygwin\jdk8u131\8869\hotspot\src\share\vm\prims\jni.cpp, line 709]
Event: 0.341 Thread 0x0000000003542800 Implicit null exception at 0x00000000037b9362 to 0x00000000037b9529
Event: 0.466 Thread 0x0000000003542800 Exception <a 'java/io/FileNotFoundException'> (0x00000000d618bad0) thrown at [C:\re\workspace\8-2-build-windows-amd64-cygwin\jdk8u131\8869\hotspot\src\share\vm\prims\jni.cpp, line 709]
Event: 0.466 Thread 0x0000000003542800 Exception <a 'java/lang/NullPointerException'> (0x00000000d618c178) thrown at [C:\re\workspace\8-2-build-windows-amd64-cygwin\jdk8u131\8869\hotspot\src\share\vm\interpreter\linkResolver.cpp, line 1197]
Event: 1.440 Thread 0x000000001afa1800 Implicit null exception at 0x00000000038c641c to 0x00000000038c64d5
Event: 1.492 Thread 0x000000001afa1800 Exception <a 'java/lang/NoSuchMethodError': java.lang.Object.lambda$static$0(Ljava/lang/String;)Ljava/lang/Boolean;> (0x00000000d61a5ec0) thrown at [C:\re\workspace\8-2-build-windows-amd64-cygwin\jdk8u131\8869\hotspot\src\share\vm\interpreter\linkResolver
Event: 1.562 Thread 0x000000001afa1800 Exception <a 'sun/nio/fs/WindowsException'> (0x00000000d6272888) thrown at [C:\re\workspace\8-2-build-windows-amd64-cygwin\jdk8u131\8869\hotspot\src\share\vm\prims\jni.cpp, line 709]
Event: 1.562 Thread 0x000000001afa1800 Exception <a 'sun/nio/fs/WindowsException'> (0x00000000d6273058) thrown at [C:\re\workspace\8-2-build-windows-amd64-cygwin\jdk8u131\8869\hotspot\src\share\vm\prims\jni.cpp, line 709]

Events (10 events):
Event: 1.577 loading class org/lwjgl/system/jni/JNINativeInterface
Event: 1.577 loading class org/lwjgl/system/jni/JNINativeInterface done
Event: 1.579 loading class org/lwjgl/system/windows/WinBase
Event: 1.579 loading class org/lwjgl/system/windows/WinBase done
Event: 1.579 loading class org/lwjgl/opengl/GL$1
Event: 1.579 loading class org/lwjgl/opengl/GL$1 done
Event: 1.580 loading class org/lwjgl/opengl/GL$SharedLibraryGL
Event: 1.580 loading class org/lwjgl/opengl/GL$SharedLibraryGL done
Event: 1.580 loading class org/lwjgl/system/SharedLibrary$Delegate
Event: 1.580 loading class org/lwjgl/system/SharedLibrary$Delegate done


Dynamic libraries:
0x00007ff71cbd0000 - 0x00007ff71cc07000 	C:\Program Files\Java\jre1.8.0_131\bin\javaw.exe
0x00007ffcd1400000 - 0x00007ffcd15d1000 	C:\WINDOWS\SYSTEM32\ntdll.dll
0x00007ffcd0ab0000 - 0x00007ffcd0b5c000 	C:\WINDOWS\System32\KERNEL32.DLL
0x00007ffccd9a0000 - 0x00007ffccdbbd000 	C:\WINDOWS\System32\KERNELBASE.dll
0x00007ffcd0b60000 - 0x00007ffcd0c02000 	C:\WINDOWS\System32\ADVAPI32.dll
0x00007ffcd1170000 - 0x00007ffcd120e000 	C:\WINDOWS\System32\msvcrt.dll
0x00007ffccee70000 - 0x00007ffcceec9000 	C:\WINDOWS\System32\sechost.dll
0x00007ffcd1210000 - 0x00007ffcd1331000 	C:\WINDOWS\System32\RPCRT4.dll
0x00007ffcd0d80000 - 0x00007ffcd0ee5000 	C:\WINDOWS\System32\USER32.dll
0x00007ffcce780000 - 0x00007ffcce79e000 	C:\WINDOWS\System32\win32u.dll
0x00007ffcd0c30000 - 0x00007ffcd0c64000 	C:\WINDOWS\System32\GDI32.dll
0x00007ffcce800000 - 0x00007ffcce982000 	C:\WINDOWS\System32\gdi32full.dll
0x00007ffcc02c0000 - 0x00007ffcc053a000 	C:\WINDOWS\WinSxS\amd64_microsoft.windows.common-controls_6595b64144ccf1df_6.0.14393.953_none_42151e83c686086b\COMCTL32.dll
0x00007ffcce9a0000 - 0x00007ffccec68000 	C:\WINDOWS\System32\combase.dll
0x00007ffcce2a0000 - 0x00007ffcce395000 	C:\WINDOWS\System32\ucrtbase.dll
0x00007ffcce440000 - 0x00007ffcce4aa000 	C:\WINDOWS\System32\bcryptPrimitives.dll
0x00007ffccec80000 - 0x00007ffccecae000 	C:\WINDOWS\System32\IMM32.DLL
0x000000005e9a0000 - 0x000000005ea72000 	C:\Program Files\Java\jre1.8.0_131\bin\msvcr100.dll
0x000000005ec40000 - 0x000000005f4dc000 	C:\Program Files\Java\jre1.8.0_131\bin\server\jvm.dll
0x00007ffcce990000 - 0x00007ffcce998000 	C:\WINDOWS\System32\PSAPI.DLL
0x00007ffccbd10000 - 0x00007ffccbd33000 	C:\WINDOWS\SYSTEM32\WINMM.dll
0x00007ffcca7d0000 - 0x00007ffcca7d9000 	C:\WINDOWS\SYSTEM32\WSOCK32.dll
0x00007ffcbca30000 - 0x00007ffcbca3a000 	C:\WINDOWS\SYSTEM32\VERSION.dll
0x0000000001710000 - 0x000000000173b000 	C:\WINDOWS\SYSTEM32\WINMMBASE.dll
0x00007ffcce730000 - 0x00007ffcce772000 	C:\WINDOWS\System32\cfgmgr32.dll
0x00007ffcd1100000 - 0x00007ffcd116a000 	C:\WINDOWS\System32\WS2_32.dll
0x000000005eb50000 - 0x000000005eb5f000 	C:\Program Files\Java\jre1.8.0_131\bin\verify.dll
0x000000005eb20000 - 0x000000005eb49000 	C:\Program Files\Java\jre1.8.0_131\bin\java.dll
0x000000005eb00000 - 0x000000005eb16000 	C:\Program Files\Java\jre1.8.0_131\bin\zip.dll
0x00007ffcceed0000 - 0x00007ffcd03d8000 	C:\WINDOWS\System32\SHELL32.dll
0x00007ffccdbc0000 - 0x00007ffcce29a000 	C:\WINDOWS\System32\windows.storage.dll
0x00007ffccd890000 - 0x00007ffccd8dc000 	C:\WINDOWS\System32\powrprof.dll
0x00007ffccecb0000 - 0x00007ffcced02000 	C:\WINDOWS\System32\shlwapi.dll
0x00007ffccd8e0000 - 0x00007ffccd8ef000 	C:\WINDOWS\System32\kernel.appcore.dll
0x00007ffccd8f0000 - 0x00007ffccd999000 	C:\WINDOWS\System32\shcore.dll
0x00007ffccd860000 - 0x00007ffccd874000 	C:\WINDOWS\System32\profapi.dll
0x000000005e800000 - 0x000000005e998000 	C:\Program Files\Java\jre1.8.0_131\bin\awt.dll
0x00007ffcd1340000 - 0x00007ffcd13ff000 	C:\WINDOWS\System32\OLEAUT32.dll
0x00007ffcce3a0000 - 0x00007ffcce43c000 	C:\WINDOWS\System32\msvcp_win.dll
0x00007ffccbe00000 - 0x00007ffccbe7a000 	C:\WINDOWS\SYSTEM32\apphelp.dll
0x00007ffccbaf0000 - 0x00007ffccbb16000 	C:\WINDOWS\system32\DWMAPI.DLL
0x00007ffccbf30000 - 0x00007ffccbfc5000 	C:\WINDOWS\system32\uxtheme.dll
0x00007ffcaeca0000 - 0x00007ffcaedc3000 	C:\WINDOWS\system32\opengl32.dll
0x00007ffcaeba0000 - 0x00007ffcaec97000 	C:\WINDOWS\SYSTEM32\DDRAW.dll
0x00007ffcb29a0000 - 0x00007ffcb29cd000 	C:\WINDOWS\SYSTEM32\GLU32.dll
0x00007ffcb2c80000 - 0x00007ffcb2c88000 	C:\WINDOWS\SYSTEM32\DCIMAN32.dll
0x00007ffcced10000 - 0x00007ffccee6a000 	C:\WINDOWS\System32\MSCTF.dll
0x00007ffcd0f60000 - 0x00007ffcd1098000 	C:\WINDOWS\System32\ole32.dll
0x000000005e7b0000 - 0x000000005e7f7000 	C:\Program Files\Java\jre1.8.0_131\bin\fontmanager.dll
0x000000005eae0000 - 0x000000005eafa000 	C:\Program Files\Java\jre1.8.0_131\bin\net.dll
0x00007ffccd190000 - 0x00007ffccd1ec000 	C:\WINDOWS\system32\mswsock.dll
0x000000005eac0000 - 0x000000005ead1000 	C:\Program Files\Java\jre1.8.0_131\bin\nio.dll
0x000000005e760000 - 0x000000005e7a2000 	C:\Program Files\Java\jre1.8.0_131\bin\t2k.dll
0x00007ffcadb50000 - 0x00007ffcadba7000 	C:\Users\CYSN\AppData\Local\Temp\lwjglCYSN\3.1.2-build-29\lwjgl.dll
0x00007ffcadaf0000 - 0x00007ffcadb4c000 	C:\Users\CYSN\AppData\Local\Temp\lwjglCYSN\3.1.2-build-29\lwjgl_opengl.dll
0x00007ffcca1e0000 - 0x00007ffcca372000 	C:\WINDOWS\SYSTEM32\dbghelp.dll
0x00007ffcd0ce0000 - 0x00007ffcd0d7f000 	C:\WINDOWS\System32\clbcatq.dll
0x00007ffcb5250000 - 0x00007ffcb5322000 	C:\Windows\System32\IME\IMEKR\imkrtip.dll
0x00007ffccb1d0000 - 0x00007ffccb355000 	C:\WINDOWS\SYSTEM32\PROPSYS.dll
0x00007ffcb50f0000 - 0x00007ffcb5246000 	C:\Windows\System32\IME\shared\imetip.dll
0x00007ffcb4f40000 - 0x00007ffcb50e8000 	C:\WINDOWS\SYSTEM32\DUI70.dll
0x00007ffcbf950000 - 0x00007ffcbf9b5000 	C:\WINDOWS\SYSTEM32\OLEACC.dll

VM Arguments:
jvm_args: -Dfile.encoding=MS949 
java_command: ScreenCapture
java_class_path (initial): C:\Users\CYSN\Desktop\JAVA RemoteControl_ver2\ScreenCapture\bin;C:\Users\CYSN\Desktop\자바 원격지원\lwjgl-stable-2017-05-17-custom\lwjgl.jar;C:\Users\CYSN\Desktop\자바 원격지원\lwjgl-stable-2017-05-17-custom\lwjgl-assimp.jar;C:\Users\CYSN\Desktop\자바 원격지원\lwjgl-stable-2017-05-17-custom\lwjgl-assimp-natives-windows.jar;C:\Users\CYSN\Desktop\자바 원격지원\lwjgl-stable-2017-05-17-custom\lwjgl-bgfx.jar;C:\Users\CYSN\Desktop\자바 원격지원\lwjgl-stable-2017-05-17-custom\lwjgl-bgfx-natives-windows.jar;C:\Users\CYSN\Desktop\자바 원격지원\lwjgl-stable-2017-05-17-custom\lwjgl-egl.jar;C:\Users\CYSN\Desktop\자바 원격지원\lwjgl-stable-2017-05-17-custom\lwjgl-glfw.jar;C:\Users\CYSN\Desktop\자바 원격지원\lwjgl-stable-2017-05-17-custom\lwjgl-glfw-natives-windows.jar;C:\Users\CYSN\Desktop\자바 원격지원\lwjgl-stable-2017-05-17-custom\lwjgl-jawt.jar;C:\Users\CYSN\Desktop\자바 원격지원\lwjgl-stable-2017-05-17-custom\lwjgl-jemalloc.jar;C:\Users\CYSN\Desktop\자바 원격지원\lwjgl-stable-2017-05-17-custom\lwjgl-jemalloc-natives-windows.jar;C:\Users\CYSN\Desktop\자바 원격지원\lwjgl-stable-2017-05-17-custom\lwjgl-lmdb.jar;C:\Users\CYSN\Desktop\자바 원격지원\lwjgl-stable-2017-05-17-custom\lwjgl-lmdb-natives-windows.jar;C:\Users\CYSN\Desktop\자바 원격지원\lwjgl-stable-2017-05-17-custom\lwjgl-nanovg.jar;C:\Users\CYSN\Desktop\자바 원격지원\lwjgl-stable-2017-05-17-custom\lwjgl-nanovg-natives-windows.jar;C:\Users\CYSN\Desktop\자바 원격지원\lwjgl-stable-2017-05-17-custom\lwjgl-natives-windows.jar;C:\Users\CYSN\Desktop\자바 원격지원\lwjgl-stable-2017-05-17-custom\lwjgl-nfd.jar;C:\Users\CYSN\Desktop\자바 원격지원\lwjgl-stable-2017-05-17-custom\lwjgl-nfd-natives-windows.jar;C:\Users\CYSN\Desktop\자바 원격지원\lwjgl-stable-2017-05-17-custom\lwjgl-nuklear.jar;C:\Users\CYSN\Desktop\자바 원격지원\lwjgl-stable-2017-05-17-custom\lwjgl-nuklear-natives-windows.jar;C:\Users\CYSN\Desktop\자바 원격지원\lwjgl-stable-2017-05-17-custom\lwjgl-openal.jar;C:\Users\CYSN\Desktop\자바 원
Launcher Type: SUN_STANDARD

Environment Variables:
JAVA_HOME=C:\Program Files\Java\jdk1.8.0_111;C:\Program Files\Java\jdk1.8.0_111\lib
PATH=C:/Program Files/Java/jre1.8.0_131/bin/server;C:/Program Files/Java/jre1.8.0_131/bin;C:/Program Files/Java/jre1.8.0_131/lib/amd64;C:\Oracle\product\11.2.0\dbhome_1\bin;C:\ProgramData\Oracle\Java\javapath;C:\Program Files (x86)\Intel\iCLS Client\;C:\Program Files\Intel\iCLS Client\;C:\WINDOWS\system32;C:\WINDOWS;C:\WINDOWS\System32\Wbem;C:\WINDOWS\System32\WindowsPowerShell\v1.0\;C:\Program Files (x86)\Intel\Intel(R) Management Engine Components\DAL;C:\Program Files\Intel\Intel(R) Management Engine Components\DAL;C:\Program Files (x86)\Intel\Intel(R) Management Engine Components\IPT;C:\Program Files\Intel\Intel(R) Management Engine Components\IPT;C:\Users\CYSN\.dnx\bin;C:\Program Files\Microsoft DNX\Dnvm\;C:\Program Files (x86)\Windows Kits\8.1\Windows Performance Toolkit\;C:\Program Files\Microsoft SQL Server\130\Tools\Binn\;C:\Program Files\Java\jdk1.8.0_111\bin;C:\Program Files\MySQL\MySQL Utilities 1.6\;C:\Program Files\Git\cmd;C:\Program Files\Intel\WiFi\bin\;C:\Program Files\Common Files\Intel\WirelessCommon\;C:\Program Files\Java\jdk1.8.0_111;C:\Program Files\Java\jdk1.8.0_111\lib\bin;C:\Users\CYSN\AppData\Local\Microsoft\WindowsApps;C:\Program Files\Intel\WiFi\bin\;C:\Program Files\Common Files\Intel\WirelessCommon\;C:\Users\CYSN\Desktop;
USERNAME=CYSN
OS=Windows_NT
PROCESSOR_IDENTIFIER=Intel64 Family 6 Model 142 Stepping 9, GenuineIntel



---------------  S Y S T E M  ---------------

OS: Windows 10.0 , 64 bit Build 14393 (10.0.14393.1198)

CPU:total 4 (initial active 4) (2 cores per cpu, 2 threads per core) family 6 model 142 stepping 9, cmov, cx8, fxsr, mmx, sse, sse2, sse3, ssse3, sse4.1, sse4.2, popcnt, avx, avx2, aes, clmul, erms, 3dnowpref, lzcnt, ht, tsc, tscinvbit, bmi1, bmi2, adx

Memory: 4k page, physical 8298060k(2868192k free), swap 15900236k(6271892k free)

vm_info: Java HotSpot(TM) 64-Bit Server VM (25.131-b11) for windows-amd64 JRE (1.8.0_131-b11), built on Mar 15 2017 01:23:53 by "java_re" with MS VC++ 10.0 (VS2010)

time: Thu May 18 20:02:53 2017
elapsed time: 1 seconds (0d 0h 0m 1s)

