#
# A fatal error has been detected by the Java Runtime Environment:
#
#  EXCEPTION_ACCESS_VIOLATION (0xc0000005) at pc=0x00007ffcb563ffca, pid=10224, tid=0x000000000000250c
#
# JRE version: Java(TM) SE Runtime Environment (8.0_131-b11) (build 1.8.0_131-b11)
# Java VM: Java HotSpot(TM) 64-Bit Server VM (25.131-b11 mixed mode windows-amd64 compressed oops)
# Problematic frame:
# C  [lwjgl_opengl.dll+0xffca]
#
# Failed to write core dump. Minidumps are not enabled by default on client versions of Windows
#
# If you would like to submit a bug report, please visit:
#   http://bugreport.java.com/bugreport/crash.jsp
# The crash happened outside the Java Virtual Machine in native code.
# See problematic frame for where to report the bug.
#

---------------  T H R E A D  ---------------

Current thread (0x0000000019afe000):  JavaThread "Thread-2" [_thread_in_native, id=9484, stack(0x000000001ae50000,0x000000001af50000)]

siginfo: ExceptionCode=0xc0000005, reading address 0x0000000000002cc0

Registers:
RAX=0x000000005f3e0d50, RBX=0x000000001760fd90, RCX=0x0000000000000404, RDX=0x0000000000000000
RSP=0x000000001af4ef58, RBP=0x000000001af4efc8, RSI=0x0000000000000b28, RDI=0x0000000002c9835d
R8 =0x0000000000000404, R9 =0x0000000019949e20, R10=0x0000000002ca7f48, R11=0x000000005ee6bd80
R12=0x0000000000000000, R13=0x000000001760fd90, R14=0x000000001af4efe8, R15=0x0000000019afe000
RIP=0x00007ffcb563ffca, EFLAGS=0x0000000000010202

Top of Stack: (sp=0x000000001af4ef58)
0x000000001af4ef58:   0000000002ca7f74 0000000019afe000
0x000000001af4ef68:   000000001760fd90 0000000000000b28
0x000000001af4ef78:   0000000019afe000 0000000002ca7ca2
0x000000001af4ef88:   000000001af4ef88 000000001760fd90
0x000000001af4ef98:   000000001af4efe8 0000000017637718
0x000000001af4efa8:   0000000000000000 000000001760fd90
0x000000001af4efb8:   0000000000000000 000000001af4efe8
0x000000001af4efc8:   000000001af4f030 0000000002c9835d
0x000000001af4efd8:   00000000d736bfa0 0000000002ca19d8
0x000000001af4efe8:   0000000000000404 000000001af4eff0
0x000000001af4eff8:   0000000017281c20 000000001af4f0b8
0x000000001af4f008:   0000000017282390 0000000000000000
0x000000001af4f018:   0000000017281e08 000000001af4efe8
0x000000001af4f028:   000000001af4f0b8 000000001af4f100
0x000000001af4f038:   0000000002c983a2 0000000000000000
0x000000001af4f048:   0000000000000000 0000000000000000 

Instructions: (pc=0x00007ffcb563ffca)
0x00007ffcb563ffaa:   48 ff a2 80 2c 00 00 cc cc cc cc cc cc cc cc cc
0x00007ffcb563ffba:   cc cc cc cc cc cc 48 8b 01 41 8b c8 48 8b 50 18
0x00007ffcb563ffca:   48 ff a2 c0 2c 00 00 cc cc cc cc cc cc cc cc cc
0x00007ffcb563ffda:   cc cc cc cc cc cc 40 53 48 83 ec 40 48 8b 01 41 


Register to memory mapping:

RAX=0x000000005f3e0d50 is an unknown value
RBX={method} {0x000000001760fd98} 'glReadBuffer' '(I)V' in 'org/lwjgl/opengl/GL11'
RCX=0x0000000000000404 is an unknown value
RDX=0x0000000000000000 is an unknown value
RSP=0x000000001af4ef58 is pointing into the stack for thread: 0x0000000019afe000
RBP=0x000000001af4efc8 is pointing into the stack for thread: 0x0000000019afe000
RSI=0x0000000000000b28 is an unknown value
RDI=0x0000000002c9835d is at code_begin+2301 in an Interpreter codelet
invoke return entry points  [0x0000000002c97a60, 0x0000000002c98440]  2528 bytes
R8 =0x0000000000000404 is an unknown value
R9 =0x0000000019949e20 is an unknown value
R10=0x0000000002ca7f48 is at code_begin+840 in an Interpreter codelet
method entry point (kind = native)  [0x0000000002ca7c00, 0x0000000002ca8560]  2400 bytes
R11=0x000000005ee6bd80 is an unknown value
R12=0x0000000000000000 is an unknown value
R13={method} {0x000000001760fd98} 'glReadBuffer' '(I)V' in 'org/lwjgl/opengl/GL11'
R14=0x000000001af4efe8 is pointing into the stack for thread: 0x0000000019afe000
R15=0x0000000019afe000 is a thread


Stack: [0x000000001ae50000,0x000000001af50000],  sp=0x000000001af4ef58,  free space=1019k
Native frames: (J=compiled Java code, j=interpreted, Vv=VM code, C=native code)
C  [lwjgl_opengl.dll+0xffca]

Java frames: (J=compiled Java code, j=interpreted, Vv=VM code)
j  org.lwjgl.opengl.GL11.glReadBuffer(I)V+0
j  ScreenCapture$ScreenPanel.run()V+32
j  java.lang.Thread.run()V+11
v  ~StubRoutines::call_stub

---------------  P R O C E S S  ---------------

Java Threads: ( => current thread )
  0x0000000002b82800 JavaThread "DestroyJavaVM" [_thread_blocked, id=12624, stack(0x0000000002a80000,0x0000000002b80000)]
  0x0000000019b0a000 JavaThread "Thread-3" [_thread_blocked, id=3088, stack(0x000000001af50000,0x000000001b050000)]
=>0x0000000019afe000 JavaThread "Thread-2" [_thread_in_native, id=9484, stack(0x000000001ae50000,0x000000001af50000)]
  0x0000000018fe3000 JavaThread "AWT-EventQueue-0" [_thread_blocked, id=6384, stack(0x000000001ac50000,0x000000001ad50000)]
  0x0000000018fc0800 JavaThread "AWT-Windows" daemon [_thread_in_native, id=12488, stack(0x000000001a290000,0x000000001a390000)]
  0x0000000018fbe800 JavaThread "AWT-Shutdown" [_thread_blocked, id=14220, stack(0x000000001a190000,0x000000001a290000)]
  0x0000000018fbc000 JavaThread "Java2D Disposer" daemon [_thread_blocked, id=7348, stack(0x0000000019fd0000,0x000000001a0d0000)]
  0x0000000018c72000 JavaThread "Service Thread" daemon [_thread_blocked, id=11928, stack(0x0000000019500000,0x0000000019600000)]
  0x0000000018c6e000 JavaThread "C1 CompilerThread2" daemon [_thread_blocked, id=10940, stack(0x0000000019400000,0x0000000019500000)]
  0x000000001787c800 JavaThread "C2 CompilerThread1" daemon [_thread_blocked, id=12860, stack(0x0000000019300000,0x0000000019400000)]
  0x000000001783b800 JavaThread "C2 CompilerThread0" daemon [_thread_blocked, id=13868, stack(0x0000000019200000,0x0000000019300000)]
  0x0000000017839800 JavaThread "Attach Listener" daemon [_thread_blocked, id=9564, stack(0x0000000019100000,0x0000000019200000)]
  0x0000000018c43800 JavaThread "Signal Dispatcher" daemon [_thread_blocked, id=13680, stack(0x0000000019000000,0x0000000019100000)]
  0x000000001780a800 JavaThread "Finalizer" daemon [_thread_blocked, id=12444, stack(0x0000000018a70000,0x0000000018b70000)]
  0x0000000002c71800 JavaThread "Reference Handler" daemon [_thread_blocked, id=12568, stack(0x0000000018970000,0x0000000018a70000)]

Other Threads:
  0x00000000177e7800 VMThread [stack: 0x0000000018870000,0x0000000018970000] [id=10376]
  0x0000000018c97000 WatcherThread [stack: 0x0000000019600000,0x0000000019700000] [id=12020]

VM state:not at safepoint (normal execution)

VM Mutex/Monitor currently owned by a thread: None

Heap:
 PSYoungGen      total 38400K, used 28325K [0x00000000d5d00000, 0x00000000d8780000, 0x0000000100000000)
  eden space 33280K, 85% used [0x00000000d5d00000,0x00000000d78a9440,0x00000000d7d80000)
  from space 5120K, 0% used [0x00000000d8280000,0x00000000d8280000,0x00000000d8780000)
  to   space 5120K, 0% used [0x00000000d7d80000,0x00000000d7d80000,0x00000000d8280000)
 ParOldGen       total 87552K, used 0K [0x0000000081600000, 0x0000000086b80000, 0x00000000d5d00000)
  object space 87552K, 0% used [0x0000000081600000,0x0000000081600000,0x0000000086b80000)
 Metaspace       used 10511K, capacity 10820K, committed 11136K, reserved 1058816K
  class space    used 1227K, capacity 1328K, committed 1408K, reserved 1048576K

Card table byte_map: [0x0000000012050000,0x0000000012450000] byte_map_base: 0x0000000011c45000

Marking Bits: (ParMarkBitMap*) 0x000000005f45c720
 Begin Bits: [0x0000000012b00000, 0x0000000014aa8000)
 End Bits:   [0x0000000014aa8000, 0x0000000016a50000)

Polling page: 0x0000000000fb0000

CodeCache: size=245760Kb used=3066Kb max_used=3078Kb free=242693Kb
 bounds [0x0000000002c90000, 0x0000000002fa0000, 0x0000000011c90000]
 total_blobs=1292 nmethods=799 adapters=406
 compilation: enabled

Compilation events (10 events):
Event: 2.534 Thread 0x0000000018c6e000 nmethod 791 0x0000000002f8c550 code [0x0000000002f8c720, 0x0000000002f8d228]
Event: 2.534 Thread 0x0000000018c6e000  793       3       java.nio.IntBuffer::<init> (12 bytes)
Event: 2.534 Thread 0x0000000018c6e000 nmethod 793 0x0000000002f8d850 code [0x0000000002f8d9c0, 0x0000000002f8dbe8]
Event: 2.534 Thread 0x0000000018c6e000  794       3       java.nio.IntBuffer::<init> (22 bytes)
Event: 2.534 Thread 0x0000000018c6e000 nmethod 794 0x0000000002f8dcd0 code [0x0000000002f8de40, 0x0000000002f8e008]
Event: 2.537 Thread 0x0000000018c6e000  796       3       java.util.WeakHashMap::maskNull (12 bytes)
Event: 2.538 Thread 0x0000000018c6e000 nmethod 796 0x0000000002f8e490 code [0x0000000002f8e5e0, 0x0000000002f8e770]
Event: 2.538 Thread 0x0000000018c6e000  797       3       java.util.WeakHashMap::hash (28 bytes)
Event: 2.538 Thread 0x0000000018c6e000 nmethod 797 0x0000000002f8e7d0 code [0x0000000002f8e940, 0x0000000002f8eb88]
Event: 2.538 Thread 0x000000001783b800  798       4       java.lang.String::substring (79 bytes)

GC Heap History (0 events):
No events

Deoptimization events (9 events):
Event: 1.100 Thread 0x0000000002b82800 Uncommon trap: reason=null_check action=make_not_entrant pc=0x0000000002e10ff8 method=java.lang.String.equals(Ljava/lang/Object;)Z @ 8
Event: 1.577 Thread 0x0000000002b82800 Uncommon trap: reason=class_check action=maybe_recompile pc=0x0000000002e265a8 method=java.lang.String.equals(Ljava/lang/Object;)Z @ 8
Event: 1.577 Thread 0x0000000002b82800 Uncommon trap: reason=class_check action=maybe_recompile pc=0x0000000002e265a8 method=java.lang.String.equals(Ljava/lang/Object;)Z @ 8
Event: 1.577 Thread 0x0000000002b82800 Uncommon trap: reason=class_check action=maybe_recompile pc=0x0000000002e265a8 method=java.lang.String.equals(Ljava/lang/Object;)Z @ 8
Event: 1.577 Thread 0x0000000002b82800 Uncommon trap: reason=class_check action=maybe_recompile pc=0x0000000002e265a8 method=java.lang.String.equals(Ljava/lang/Object;)Z @ 8
Event: 2.073 Thread 0x0000000002b82800 Uncommon trap: reason=unstable_if action=reinterpret pc=0x0000000002f1c6d0 method=java.lang.Character.isSurrogate(C)Z @ 3
Event: 2.073 Thread 0x0000000002b82800 Uncommon trap: reason=unstable_if action=reinterpret pc=0x0000000002e7ccfc method=java.lang.String.toLowerCase(Ljava/util/Locale;)Ljava/lang/String; @ 37
Event: 2.349 Thread 0x0000000019afe000 Uncommon trap: reason=unstable_if action=reinterpret pc=0x0000000002f105ac method=java.lang.ThreadLocal.get()Ljava/lang/Object; @ 11
Event: 2.452 Thread 0x0000000019afe000 Uncommon trap: reason=unstable_if action=reinterpret pc=0x0000000002f33da0 method=java.nio.channels.spi.AbstractInterruptibleChannel.end(Z)V @ 31

Internal exceptions (10 events):
Event: 0.903 Thread 0x0000000002b82800 Exception <a 'java/lang/NoSuchFieldError': method resolution failed> (0x00000000d5f81c68) thrown at [C:\re\workspace\8-2-build-windows-amd64-cygwin\jdk8u131\8869\hotspot\src\share\vm\prims\methodHandles.cpp, line 1146]
Event: 0.906 Thread 0x0000000002b82800 Exception <a 'java/lang/NoSuchFieldError': method resolution failed> (0x00000000d5f8f038) thrown at [C:\re\workspace\8-2-build-windows-amd64-cygwin\jdk8u131\8869\hotspot\src\share\vm\prims\methodHandles.cpp, line 1146]
Event: 1.034 Thread 0x0000000002b82800 Exception <a 'java/io/FileNotFoundException'> (0x00000000d6023d68) thrown at [C:\re\workspace\8-2-build-windows-amd64-cygwin\jdk8u131\8869\hotspot\src\share\vm\prims\jni.cpp, line 709]
Event: 1.099 Thread 0x0000000002b82800 Implicit null exception at 0x0000000002e10e22 to 0x0000000002e10fe9
Event: 1.263 Thread 0x0000000002b82800 Exception <a 'java/io/FileNotFoundException'> (0x00000000d618b6e8) thrown at [C:\re\workspace\8-2-build-windows-amd64-cygwin\jdk8u131\8869\hotspot\src\share\vm\prims\jni.cpp, line 709]
Event: 1.263 Thread 0x0000000002b82800 Exception <a 'java/lang/NullPointerException'> (0x00000000d618bd90) thrown at [C:\re\workspace\8-2-build-windows-amd64-cygwin\jdk8u131\8869\hotspot\src\share\vm\interpreter\linkResolver.cpp, line 1197]
Event: 2.349 Thread 0x0000000019afe000 Implicit null exception at 0x0000000002f104dc to 0x0000000002f10595
Event: 2.405 Thread 0x0000000019afe000 Exception <a 'java/lang/NoSuchMethodError': java.lang.Object.lambda$static$0(Ljava/lang/String;)Ljava/lang/Boolean;> (0x00000000d772a068) thrown at [C:\re\workspace\8-2-build-windows-amd64-cygwin\jdk8u131\8869\hotspot\src\share\vm\interpreter\linkResolver
Event: 2.515 Thread 0x0000000019afe000 Exception <a 'sun/nio/fs/WindowsException'> (0x00000000d77f4eb8) thrown at [C:\re\workspace\8-2-build-windows-amd64-cygwin\jdk8u131\8869\hotspot\src\share\vm\prims\jni.cpp, line 709]
Event: 2.516 Thread 0x0000000019afe000 Exception <a 'sun/nio/fs/WindowsException'> (0x00000000d77f5688) thrown at [C:\re\workspace\8-2-build-windows-amd64-cygwin\jdk8u131\8869\hotspot\src\share\vm\prims\jni.cpp, line 709]

Events (10 events):
Event: 2.535 loading class org/lwjgl/system/jni/JNINativeInterface
Event: 2.535 loading class org/lwjgl/system/jni/JNINativeInterface done
Event: 2.537 loading class org/lwjgl/system/windows/WinBase
Event: 2.537 loading class org/lwjgl/system/windows/WinBase done
Event: 2.538 loading class org/lwjgl/opengl/GL$1
Event: 2.538 loading class org/lwjgl/opengl/GL$1 done
Event: 2.539 loading class org/lwjgl/opengl/GL$SharedLibraryGL
Event: 2.539 loading class org/lwjgl/opengl/GL$SharedLibraryGL done
Event: 2.539 loading class org/lwjgl/system/SharedLibrary$Delegate
Event: 2.539 loading class org/lwjgl/system/SharedLibrary$Delegate done


Dynamic libraries:
0x00007ff71cbd0000 - 0x00007ff71cc07000 	C:\Program Files\Java\jre1.8.0_131\bin\javaw.exe
0x00007ffcd1400000 - 0x00007ffcd15d1000 	C:\WINDOWS\SYSTEM32\ntdll.dll
0x00007ffcd0ab0000 - 0x00007ffcd0b5c000 	C:\WINDOWS\System32\KERNEL32.DLL
0x00007ffccd9a0000 - 0x00007ffccdbbd000 	C:\WINDOWS\System32\KERNELBASE.dll
0x00007ffcd0b60000 - 0x00007ffcd0c02000 	C:\WINDOWS\System32\ADVAPI32.dll
0x00007ffcd1170000 - 0x00007ffcd120e000 	C:\WINDOWS\System32\msvcrt.dll
0x00007ffccee70000 - 0x00007ffcceec9000 	C:\WINDOWS\System32\sechost.dll
0x00007ffcd1210000 - 0x00007ffcd1331000 	C:\WINDOWS\System32\RPCRT4.dll
0x00007ffcd0d80000 - 0x00007ffcd0ee5000 	C:\WINDOWS\System32\USER32.dll
0x00007ffcce780000 - 0x00007ffcce79e000 	C:\WINDOWS\System32\win32u.dll
0x00007ffcd0c30000 - 0x00007ffcd0c64000 	C:\WINDOWS\System32\GDI32.dll
0x00007ffcce800000 - 0x00007ffcce982000 	C:\WINDOWS\System32\gdi32full.dll
0x00007ffcc02c0000 - 0x00007ffcc053a000 	C:\WINDOWS\WinSxS\amd64_microsoft.windows.common-controls_6595b64144ccf1df_6.0.14393.953_none_42151e83c686086b\COMCTL32.dll
0x00007ffcce9a0000 - 0x00007ffccec68000 	C:\WINDOWS\System32\combase.dll
0x00007ffcce2a0000 - 0x00007ffcce395000 	C:\WINDOWS\System32\ucrtbase.dll
0x00007ffcce440000 - 0x00007ffcce4aa000 	C:\WINDOWS\System32\bcryptPrimitives.dll
0x00007ffccec80000 - 0x00007ffccecae000 	C:\WINDOWS\System32\IMM32.DLL
0x000000005e9b0000 - 0x000000005ea82000 	C:\Program Files\Java\jre1.8.0_131\bin\msvcr100.dll
0x000000005ec40000 - 0x000000005f4dc000 	C:\Program Files\Java\jre1.8.0_131\bin\server\jvm.dll
0x00007ffcce990000 - 0x00007ffcce998000 	C:\WINDOWS\System32\PSAPI.DLL
0x00007ffcca7d0000 - 0x00007ffcca7d9000 	C:\WINDOWS\SYSTEM32\WSOCK32.dll
0x00007ffcd1100000 - 0x00007ffcd116a000 	C:\WINDOWS\System32\WS2_32.dll
0x00007ffccbd10000 - 0x00007ffccbd33000 	C:\WINDOWS\SYSTEM32\WINMM.dll
0x00007ffcbca30000 - 0x00007ffcbca3a000 	C:\WINDOWS\SYSTEM32\VERSION.dll
0x00007ffccbcb0000 - 0x00007ffccbcdb000 	C:\WINDOWS\SYSTEM32\winmmbase.dll
0x00007ffcce730000 - 0x00007ffcce772000 	C:\WINDOWS\System32\cfgmgr32.dll
0x000000005eb50000 - 0x000000005eb5f000 	C:\Program Files\Java\jre1.8.0_131\bin\verify.dll
0x000000005eb20000 - 0x000000005eb49000 	C:\Program Files\Java\jre1.8.0_131\bin\java.dll
0x000000005eb00000 - 0x000000005eb16000 	C:\Program Files\Java\jre1.8.0_131\bin\zip.dll
0x00007ffcceed0000 - 0x00007ffcd03d8000 	C:\WINDOWS\System32\SHELL32.dll
0x00007ffccdbc0000 - 0x00007ffcce29a000 	C:\WINDOWS\System32\windows.storage.dll
0x00007ffccd890000 - 0x00007ffccd8dc000 	C:\WINDOWS\System32\powrprof.dll
0x00007ffccecb0000 - 0x00007ffcced02000 	C:\WINDOWS\System32\shlwapi.dll
0x00007ffccd8e0000 - 0x00007ffccd8ef000 	C:\WINDOWS\System32\kernel.appcore.dll
0x00007ffccd8f0000 - 0x00007ffccd999000 	C:\WINDOWS\System32\shcore.dll
0x00007ffccd860000 - 0x00007ffccd874000 	C:\WINDOWS\System32\profapi.dll
0x000000005e810000 - 0x000000005e9a8000 	C:\Program Files\Java\jre1.8.0_131\bin\awt.dll
0x00007ffcd1340000 - 0x00007ffcd13ff000 	C:\WINDOWS\System32\OLEAUT32.dll
0x00007ffcce3a0000 - 0x00007ffcce43c000 	C:\WINDOWS\System32\msvcp_win.dll
0x00007ffccbe00000 - 0x00007ffccbe7a000 	C:\WINDOWS\SYSTEM32\apphelp.dll
0x00007ffccbaf0000 - 0x00007ffccbb16000 	C:\WINDOWS\system32\DWMAPI.DLL
0x00007ffccbf30000 - 0x00007ffccbfc5000 	C:\WINDOWS\system32\uxtheme.dll
0x00007ffcaeca0000 - 0x00007ffcaedc3000 	C:\WINDOWS\system32\opengl32.dll
0x00007ffcb29a0000 - 0x00007ffcb29cd000 	C:\WINDOWS\SYSTEM32\GLU32.dll
0x00007ffcaeba0000 - 0x00007ffcaec97000 	C:\WINDOWS\SYSTEM32\DDRAW.dll
0x00007ffcb2c80000 - 0x00007ffcb2c88000 	C:\WINDOWS\SYSTEM32\DCIMAN32.dll
0x00007ffcced10000 - 0x00007ffccee6a000 	C:\WINDOWS\System32\MSCTF.dll
0x00007ffcd0f60000 - 0x00007ffcd1098000 	C:\WINDOWS\System32\ole32.dll
0x000000005e7c0000 - 0x000000005e807000 	C:\Program Files\Java\jre1.8.0_131\bin\fontmanager.dll
0x000000005eae0000 - 0x000000005eafa000 	C:\Program Files\Java\jre1.8.0_131\bin\net.dll
0x00007ffccd190000 - 0x00007ffccd1ec000 	C:\WINDOWS\system32\mswsock.dll
0x000000005eac0000 - 0x000000005ead1000 	C:\Program Files\Java\jre1.8.0_131\bin\nio.dll
0x000000005e770000 - 0x000000005e7b2000 	C:\Program Files\Java\jre1.8.0_131\bin\t2k.dll
0x00007ffcba4b0000 - 0x00007ffcba507000 	C:\Users\CYSN\AppData\Local\Temp\lwjglCYSN\3.1.2-build-29\lwjgl.dll
0x00007ffcb5630000 - 0x00007ffcb568c000 	C:\Users\CYSN\AppData\Local\Temp\lwjglCYSN\3.1.2-build-29\lwjgl_opengl.dll
0x00007ffcd0ce0000 - 0x00007ffcd0d7f000 	C:\WINDOWS\System32\clbcatq.dll
0x00007ffcb5250000 - 0x00007ffcb5322000 	C:\Windows\System32\IME\IMEKR\imkrtip.dll
0x00007ffccb1d0000 - 0x00007ffccb355000 	C:\WINDOWS\SYSTEM32\PROPSYS.dll
0x00007ffcb50f0000 - 0x00007ffcb5246000 	C:\Windows\System32\IME\shared\imetip.dll
0x00007ffcbf950000 - 0x00007ffcbf9b5000 	C:\WINDOWS\SYSTEM32\OLEACC.dll
0x00007ffcb4f40000 - 0x00007ffcb50e8000 	C:\WINDOWS\SYSTEM32\DUI70.dll
0x00007ffcca1e0000 - 0x00007ffcca372000 	C:\WINDOWS\SYSTEM32\dbghelp.dll
0x00007ffcb4f00000 - 0x00007ffcb4f38000 	C:\Windows\System32\IME\IMEKR\imkrapi.dll
0x00007ffcb4ec0000 - 0x00007ffcb4ef5000 	C:\Windows\System32\IME\shared\imjkapi.dll
0x00007ffcccc60000 - 0x00007ffcccc92000 	C:\WINDOWS\SYSTEM32\ntmarta.dll

VM Arguments:
jvm_args: -Dfile.encoding=MS949 
java_command: ScreenCapture
java_class_path (initial): C:\Users\CYSN\Desktop\JAVA RemoteControl_ver2\ScreenCapture\bin;C:\Users\CYSN\Desktop\자바 원격지원\lwjgl-stable-2017-05-17-custom\lwjgl.jar;C:\Users\CYSN\Desktop\자바 원격지원\lwjgl-stable-2017-05-17-custom\lwjgl-assimp.jar;C:\Users\CYSN\Desktop\자바 원격지원\lwjgl-stable-2017-05-17-custom\lwjgl-assimp-natives-windows.jar;C:\Users\CYSN\Desktop\자바 원격지원\lwjgl-stable-2017-05-17-custom\lwjgl-bgfx.jar;C:\Users\CYSN\Desktop\자바 원격지원\lwjgl-stable-2017-05-17-custom\lwjgl-bgfx-natives-windows.jar;C:\Users\CYSN\Desktop\자바 원격지원\lwjgl-stable-2017-05-17-custom\lwjgl-egl.jar;C:\Users\CYSN\Desktop\자바 원격지원\lwjgl-stable-2017-05-17-custom\lwjgl-glfw.jar;C:\Users\CYSN\Desktop\자바 원격지원\lwjgl-stable-2017-05-17-custom\lwjgl-glfw-natives-windows.jar;C:\Users\CYSN\Desktop\자바 원격지원\lwjgl-stable-2017-05-17-custom\lwjgl-jawt.jar;C:\Users\CYSN\Desktop\자바 원격지원\lwjgl-stable-2017-05-17-custom\lwjgl-jemalloc.jar;C:\Users\CYSN\Desktop\자바 원격지원\lwjgl-stable-2017-05-17-custom\lwjgl-jemalloc-natives-windows.jar;C:\Users\CYSN\Desktop\자바 원격지원\lwjgl-stable-2017-05-17-custom\lwjgl-lmdb.jar;C:\Users\CYSN\Desktop\자바 원격지원\lwjgl-stable-2017-05-17-custom\lwjgl-lmdb-natives-windows.jar;C:\Users\CYSN\Desktop\자바 원격지원\lwjgl-stable-2017-05-17-custom\lwjgl-nanovg.jar;C:\Users\CYSN\Desktop\자바 원격지원\lwjgl-stable-2017-05-17-custom\lwjgl-nanovg-natives-windows.jar;C:\Users\CYSN\Desktop\자바 원격지원\lwjgl-stable-2017-05-17-custom\lwjgl-natives-windows.jar;C:\Users\CYSN\Desktop\자바 원격지원\lwjgl-stable-2017-05-17-custom\lwjgl-nfd.jar;C:\Users\CYSN\Desktop\자바 원격지원\lwjgl-stable-2017-05-17-custom\lwjgl-nfd-natives-windows.jar;C:\Users\CYSN\Desktop\자바 원격지원\lwjgl-stable-2017-05-17-custom\lwjgl-nuklear.jar;C:\Users\CYSN\Desktop\자바 원격지원\lwjgl-stable-2017-05-17-custom\lwjgl-nuklear-natives-windows.jar;C:\Users\CYSN\Desktop\자바 원격지원\lwjgl-stable-2017-05-17-custom\lwjgl-openal.jar;C:\Users\CYSN\Desktop\자바 원
Launcher Type: SUN_STANDARD

Environment Variables:
JAVA_HOME=C:\Program Files\Java\jdk1.8.0_111;C:\Program Files\Java\jdk1.8.0_111\lib
PATH=C:/Program Files/Java/jre1.8.0_131/bin/server;C:/Program Files/Java/jre1.8.0_131/bin;C:/Program Files/Java/jre1.8.0_131/lib/amd64;C:\Oracle\product\11.2.0\dbhome_1\bin;C:\ProgramData\Oracle\Java\javapath;C:\Program Files (x86)\Intel\iCLS Client\;C:\Program Files\Intel\iCLS Client\;C:\WINDOWS\system32;C:\WINDOWS;C:\WINDOWS\System32\Wbem;C:\WINDOWS\System32\WindowsPowerShell\v1.0\;C:\Program Files (x86)\Intel\Intel(R) Management Engine Components\DAL;C:\Program Files\Intel\Intel(R) Management Engine Components\DAL;C:\Program Files (x86)\Intel\Intel(R) Management Engine Components\IPT;C:\Program Files\Intel\Intel(R) Management Engine Components\IPT;C:\Users\CYSN\.dnx\bin;C:\Program Files\Microsoft DNX\Dnvm\;C:\Program Files (x86)\Windows Kits\8.1\Windows Performance Toolkit\;C:\Program Files\Microsoft SQL Server\130\Tools\Binn\;C:\Program Files\Java\jdk1.8.0_111\bin;C:\Program Files\MySQL\MySQL Utilities 1.6\;C:\Program Files\Git\cmd;C:\Program Files\Intel\WiFi\bin\;C:\Program Files\Common Files\Intel\WirelessCommon\;C:\Program Files\Java\jdk1.8.0_111;C:\Program Files\Java\jdk1.8.0_111\lib\bin;C:\Users\CYSN\AppData\Local\Microsoft\WindowsApps;C:\Program Files\Intel\WiFi\bin\;C:\Program Files\Common Files\Intel\WirelessCommon\;C:\Users\CYSN\Desktop;
USERNAME=CYSN
OS=Windows_NT
PROCESSOR_IDENTIFIER=Intel64 Family 6 Model 142 Stepping 9, GenuineIntel



---------------  S Y S T E M  ---------------

OS: Windows 10.0 , 64 bit Build 14393 (10.0.14393.1198)

CPU:total 4 (initial active 4) (2 cores per cpu, 2 threads per core) family 6 model 142 stepping 9, cmov, cx8, fxsr, mmx, sse, sse2, sse3, ssse3, sse4.1, sse4.2, popcnt, avx, avx2, aes, clmul, erms, 3dnowpref, lzcnt, ht, tsc, tscinvbit, bmi1, bmi2, adx

Memory: 4k page, physical 8298060k(3067072k free), swap 15900236k(6494136k free)

vm_info: Java HotSpot(TM) 64-Bit Server VM (25.131-b11) for windows-amd64 JRE (1.8.0_131-b11), built on Mar 15 2017 01:23:53 by "java_re" with MS VC++ 10.0 (VS2010)

time: Thu May 18 19:09:11 2017
elapsed time: 2 seconds (0d 0h 0m 2s)

