#
# A fatal error has been detected by the Java Runtime Environment:
#
#  EXCEPTION_ACCESS_VIOLATION (0xc0000005) at pc=0x00007ffcadb60022, pid=8944, tid=0x00000000000033c8
#
# JRE version: Java(TM) SE Runtime Environment (8.0_131-b11) (build 1.8.0_131-b11)
# Java VM: Java HotSpot(TM) 64-Bit Server VM (25.131-b11 mixed mode windows-amd64 compressed oops)
# Problematic frame:
# C  [lwjgl_opengl.dll+0x10022]
#
# Failed to write core dump. Minidumps are not enabled by default on client versions of Windows
#
# If you would like to submit a bug report, please visit:
#   http://bugreport.java.com/bugreport/crash.jsp
# The crash happened outside the Java Virtual Machine in native code.
# See problematic frame for where to report the bug.
#

---------------  T H R E A D  ---------------

Current thread (0x0000000019b6c000):  JavaThread "Thread-2" [_thread_in_native, id=13256, stack(0x000000001aef0000,0x000000001aff0000)]

siginfo: ExceptionCode=0xc0000005, reading address 0x0000000000002cc8

Registers:
RAX=0x0000000000001907, RBX=0x0000000000000000, RCX=0x0000000000000000, RDX=0x0000000000000000
RSP=0x000000001afef080, RBP=0x000000001afef178, RSI=0x0000000011d45000, RDI=0x0000000002d97e70
R8 =0x0000000000000001, R9 =0x0000000000000002, R10=0x0000000000000000, R11=0x000000005ee6bd80
R12=0x0000000000000000, R13=0x000000001770bec0, R14=0x000000001afef1d0, R15=0x0000000019b6c000
RIP=0x00007ffcadb60022, EFLAGS=0x0000000000010202

Top of Stack: (sp=0x000000001afef080)
0x000000001afef080:   000000001770bec0 0000000019b6c000
0x000000001afef090:   0000000002d97e70 0000000002da7e06
0x000000001afef0a0:   0000000000001907 0000000000001401
0x000000001afef0b0:   0000000018f8a190 0000000011d45000
0x000000001afef0c0:   000000001770bec0 0000000002da7f74
0x000000001afef0d0:   0000000019b59280 000000005ecf75ea
0x000000001afef0e0:   000000001afef5e8 000000001afef178
0x000000001afef0f0:   0000000000000001 0000000000000002
0x000000001afef100:   0000000000001907 0000000000001401
0x000000001afef110:   0000000018f8a190 000000001770bec0
0x000000001afef120:   0000000011d45000 0000000019b6c000
0x000000001afef130:   0000000002da7ca2 000000001afef138
0x000000001afef140:   000000001770bec0 000000001afef1d0
0x000000001afef150:   0000000017723790 0000000000000000
0x000000001afef160:   000000001770bec0 0000000000000000
0x000000001afef170:   000000001afef198 000000001afef218 

Instructions: (pc=0x00007ffcadb60022)
0x00007ffcadb60002:   24 90 00 00 00 48 89 44 24 30 8b 84 24 88 00 00
0x00007ffcadb60012:   00 89 44 24 28 8b 84 24 80 00 00 00 89 44 24 20
0x00007ffcadb60022:   41 ff 92 c8 2c 00 00 48 83 c4 40 5b c3 cc 40 53
0x00007ffcadb60032:   48 8b 01 41 8b d8 44 8b 44 24 30 41 8b d1 44 8b 


Register to memory mapping:

RAX=0x0000000000001907 is an unknown value
RBX=0x0000000000000000 is an unknown value
RCX=0x0000000000000000 is an unknown value
RDX=0x0000000000000000 is an unknown value
RSP=0x000000001afef080 is pointing into the stack for thread: 0x0000000019b6c000
RBP=0x000000001afef178 is pointing into the stack for thread: 0x0000000019b6c000
RSI=0x0000000011d45000 is an unknown value
RDI=0x0000000002d97e70 is at code_begin+1040 in an Interpreter codelet
invoke return entry points  [0x0000000002d97a60, 0x0000000002d98440]  2528 bytes
R8 =0x0000000000000001 is an unknown value
R9 =0x0000000000000002 is an unknown value
R10=0x0000000000000000 is an unknown value
R11=0x000000005ee6bd80 is an unknown value
R12=0x0000000000000000 is an unknown value
R13={method} {0x000000001770bec8} 'nglReadPixels' '(IIIIIIJ)V' in 'org/lwjgl/opengl/GL11'
R14=0x000000001afef1d0 is pointing into the stack for thread: 0x0000000019b6c000
R15=0x0000000019b6c000 is a thread


Stack: [0x000000001aef0000,0x000000001aff0000],  sp=0x000000001afef080,  free space=1020k
Native frames: (J=compiled Java code, j=interpreted, Vv=VM code, C=native code)
C  [lwjgl_opengl.dll+0x10022]
C  0x0000000002da7f74

Java frames: (J=compiled Java code, j=interpreted, Vv=VM code)
j  org.lwjgl.opengl.GL11.nglReadPixels(IIIIIIJ)V+0
j  org.lwjgl.opengl.GL11.glReadPixels(IIIIIILjava/nio/ByteBuffer;)V+13
j  ScreenCapture$ScreenPanel.screenShot()Ljava/awt/image/BufferedImage;+21
j  ScreenCapture$ScreenPanel.run()V+23
j  java.lang.Thread.run()V+11
v  ~StubRoutines::call_stub

---------------  P R O C E S S  ---------------

Java Threads: ( => current thread )
  0x0000000002c92800 JavaThread "DestroyJavaVM" [_thread_blocked, id=11428, stack(0x0000000002b90000,0x0000000002c90000)]
  0x0000000019b76000 JavaThread "Thread-3" [_thread_blocked, id=11336, stack(0x000000001aff0000,0x000000001b0f0000)]
=>0x0000000019b6c000 JavaThread "Thread-2" [_thread_in_native, id=13256, stack(0x000000001aef0000,0x000000001aff0000)]
  0x0000000019049000 JavaThread "AWT-EventQueue-0" [_thread_blocked, id=10916, stack(0x000000001acf0000,0x000000001adf0000)]
  0x0000000019022800 JavaThread "AWT-Windows" daemon [_thread_in_native, id=13076, stack(0x000000001a400000,0x000000001a500000)]
  0x0000000019021000 JavaThread "AWT-Shutdown" [_thread_blocked, id=8248, stack(0x000000001a300000,0x000000001a400000)]
  0x0000000018ffd800 JavaThread "Java2D Disposer" daemon [_thread_blocked, id=620, stack(0x000000001a200000,0x000000001a300000)]
  0x000000001794e800 JavaThread "Service Thread" daemon [_thread_blocked, id=6028, stack(0x0000000019550000,0x0000000019650000)]
  0x000000001793f800 JavaThread "C1 CompilerThread2" daemon [_thread_blocked, id=13632, stack(0x0000000019450000,0x0000000019550000)]
  0x0000000017912800 JavaThread "C2 CompilerThread1" daemon [_thread_blocked, id=14116, stack(0x0000000019350000,0x0000000019450000)]
  0x0000000017901800 JavaThread "C2 CompilerThread0" daemon [_thread_blocked, id=13556, stack(0x0000000019250000,0x0000000019350000)]
  0x00000000178ff800 JavaThread "Attach Listener" daemon [_thread_blocked, id=6776, stack(0x0000000019150000,0x0000000019250000)]
  0x0000000018c93800 JavaThread "Signal Dispatcher" daemon [_thread_blocked, id=13808, stack(0x0000000019050000,0x0000000019150000)]
  0x0000000002d8c800 JavaThread "Finalizer" daemon [_thread_blocked, id=1636, stack(0x0000000018b50000,0x0000000018c50000)]
  0x0000000002d81800 JavaThread "Reference Handler" daemon [_thread_blocked, id=8736, stack(0x0000000018a50000,0x0000000018b50000)]

Other Threads:
  0x00000000178b7800 VMThread [stack: 0x0000000018950000,0x0000000018a50000] [id=2012]
  0x0000000018cfb800 WatcherThread [stack: 0x0000000019650000,0x0000000019750000] [id=8040]

VM state:not at safepoint (normal execution)

VM Mutex/Monitor currently owned by a thread: None

Heap:
 PSYoungGen      total 38400K, used 28340K [0x00000000d5d00000, 0x00000000d8780000, 0x0000000100000000)
  eden space 33280K, 85% used [0x00000000d5d00000,0x00000000d78ad2b8,0x00000000d7d80000)
  from space 5120K, 0% used [0x00000000d8280000,0x00000000d8280000,0x00000000d8780000)
  to   space 5120K, 0% used [0x00000000d7d80000,0x00000000d7d80000,0x00000000d8280000)
 ParOldGen       total 87552K, used 0K [0x0000000081600000, 0x0000000086b80000, 0x00000000d5d00000)
  object space 87552K, 0% used [0x0000000081600000,0x0000000081600000,0x0000000086b80000)
 Metaspace       used 10504K, capacity 10804K, committed 11136K, reserved 1058816K
  class space    used 1228K, capacity 1328K, committed 1408K, reserved 1048576K

Card table byte_map: [0x0000000012150000,0x0000000012550000] byte_map_base: 0x0000000011d45000

Marking Bits: (ParMarkBitMap*) 0x000000005f45c720
 Begin Bits: [0x0000000012c00000, 0x0000000014ba8000)
 End Bits:   [0x0000000014ba8000, 0x0000000016b50000)

Polling page: 0x00000000026f0000

CodeCache: size=245760Kb used=3027Kb max_used=3040Kb free=242732Kb
 bounds [0x0000000002d90000, 0x0000000003090000, 0x0000000011d90000]
 total_blobs=1271 nmethods=778 adapters=406
 compilation: enabled

Compilation events (10 events):
Event: 1.143 Thread 0x000000001793f800 nmethod 771 0x0000000003082890 code [0x0000000003082a00, 0x0000000003082ba8]
Event: 1.144 Thread 0x000000001793f800  772       3       java.nio.IntBuffer::<init> (12 bytes)
Event: 1.144 Thread 0x000000001793f800 nmethod 772 0x0000000003082c50 code [0x0000000003082dc0, 0x0000000003082fe8]
Event: 1.144 Thread 0x000000001793f800  773       3       java.nio.IntBuffer::<init> (22 bytes)
Event: 1.144 Thread 0x000000001793f800 nmethod 773 0x00000000030830d0 code [0x0000000003083240, 0x0000000003083408]
Event: 1.147 Thread 0x000000001793f800  775       3       java.util.WeakHashMap::maskNull (12 bytes)
Event: 1.147 Thread 0x000000001793f800 nmethod 775 0x0000000003083890 code [0x00000000030839e0, 0x0000000003083b70]
Event: 1.147 Thread 0x000000001793f800  776       3       java.util.WeakHashMap::hash (28 bytes)
Event: 1.147 Thread 0x000000001793f800 nmethod 776 0x0000000003083bd0 code [0x0000000003083d40, 0x0000000003083f88]
Event: 1.148 Thread 0x0000000017901800  777       4       java.lang.String::substring (79 bytes)

GC Heap History (0 events):
No events

Deoptimization events (9 events):
Event: 0.454 Thread 0x0000000002c92800 Uncommon trap: reason=null_check action=make_not_entrant pc=0x0000000002f023f8 method=java.lang.String.equals(Ljava/lang/Object;)Z @ 8
Event: 0.706 Thread 0x0000000002c92800 Uncommon trap: reason=class_check action=maybe_recompile pc=0x0000000002f1a928 method=java.lang.String.equals(Ljava/lang/Object;)Z @ 8
Event: 0.706 Thread 0x0000000002c92800 Uncommon trap: reason=class_check action=maybe_recompile pc=0x0000000002f1a928 method=java.lang.String.equals(Ljava/lang/Object;)Z @ 8
Event: 0.706 Thread 0x0000000002c92800 Uncommon trap: reason=class_check action=maybe_recompile pc=0x0000000002f1a928 method=java.lang.String.equals(Ljava/lang/Object;)Z @ 8
Event: 0.706 Thread 0x0000000002c92800 Uncommon trap: reason=class_check action=maybe_recompile pc=0x0000000002f1a928 method=java.lang.String.equals(Ljava/lang/Object;)Z @ 8
Event: 0.902 Thread 0x0000000002c92800 Uncommon trap: reason=unstable_if action=reinterpret pc=0x000000000300c550 method=java.lang.Character.isSurrogate(C)Z @ 3
Event: 0.903 Thread 0x0000000002c92800 Uncommon trap: reason=unstable_if action=reinterpret pc=0x0000000002f72e88 method=java.lang.String.toLowerCase(Ljava/util/Locale;)Ljava/lang/String; @ 37
Event: 1.016 Thread 0x0000000019b6c000 Uncommon trap: reason=unstable_if action=reinterpret pc=0x0000000003001ef4 method=java.lang.ThreadLocal.get()Ljava/lang/Object; @ 11
Event: 1.093 Thread 0x0000000019b6c000 Uncommon trap: reason=unstable_if action=reinterpret pc=0x0000000003028460 method=java.nio.channels.spi.AbstractInterruptibleChannel.end(Z)V @ 31

Internal exceptions (10 events):
Event: 0.374 Thread 0x0000000002c92800 Exception <a 'java/lang/NoSuchFieldError': method resolution failed> (0x00000000d5f81ef0) thrown at [C:\re\workspace\8-2-build-windows-amd64-cygwin\jdk8u131\8869\hotspot\src\share\vm\prims\methodHandles.cpp, line 1146]
Event: 0.376 Thread 0x0000000002c92800 Exception <a 'java/lang/NoSuchFieldError': method resolution failed> (0x00000000d5f8f2c0) thrown at [C:\re\workspace\8-2-build-windows-amd64-cygwin\jdk8u131\8869\hotspot\src\share\vm\prims\methodHandles.cpp, line 1146]
Event: 0.420 Thread 0x0000000002c92800 Exception <a 'java/io/FileNotFoundException'> (0x00000000d6023fd8) thrown at [C:\re\workspace\8-2-build-windows-amd64-cygwin\jdk8u131\8869\hotspot\src\share\vm\prims\jni.cpp, line 709]
Event: 0.454 Thread 0x0000000002c92800 Implicit null exception at 0x0000000002f02222 to 0x0000000002f023e9
Event: 0.564 Thread 0x0000000002c92800 Exception <a 'java/io/FileNotFoundException'> (0x00000000d618b9f0) thrown at [C:\re\workspace\8-2-build-windows-amd64-cygwin\jdk8u131\8869\hotspot\src\share\vm\prims\jni.cpp, line 709]
Event: 0.564 Thread 0x0000000002c92800 Exception <a 'java/lang/NullPointerException'> (0x00000000d618c098) thrown at [C:\re\workspace\8-2-build-windows-amd64-cygwin\jdk8u131\8869\hotspot\src\share\vm\interpreter\linkResolver.cpp, line 1197]
Event: 1.016 Thread 0x0000000019b6c000 Implicit null exception at 0x0000000003001e5a to 0x0000000003001ee1
Event: 1.064 Thread 0x0000000019b6c000 Exception <a 'java/lang/NoSuchMethodError': java.lang.Object.lambda$static$0(Ljava/lang/String;)Ljava/lang/Boolean;> (0x00000000d772de28) thrown at [C:\re\workspace\8-2-build-windows-amd64-cygwin\jdk8u131\8869\hotspot\src\share\vm\interpreter\linkResolver
Event: 1.129 Thread 0x0000000019b6c000 Exception <a 'sun/nio/fs/WindowsException'> (0x00000000d77f8e38) thrown at [C:\re\workspace\8-2-build-windows-amd64-cygwin\jdk8u131\8869\hotspot\src\share\vm\prims\jni.cpp, line 709]
Event: 1.129 Thread 0x0000000019b6c000 Exception <a 'sun/nio/fs/WindowsException'> (0x00000000d77f9608) thrown at [C:\re\workspace\8-2-build-windows-amd64-cygwin\jdk8u131\8869\hotspot\src\share\vm\prims\jni.cpp, line 709]

Events (10 events):
Event: 1.144 loading class org/lwjgl/system/jni/JNINativeInterface
Event: 1.144 loading class org/lwjgl/system/jni/JNINativeInterface done
Event: 1.146 loading class org/lwjgl/system/windows/WinBase
Event: 1.146 loading class org/lwjgl/system/windows/WinBase done
Event: 1.147 loading class org/lwjgl/opengl/GL$1
Event: 1.147 loading class org/lwjgl/opengl/GL$1 done
Event: 1.148 loading class org/lwjgl/opengl/GL$SharedLibraryGL
Event: 1.148 loading class org/lwjgl/opengl/GL$SharedLibraryGL done
Event: 1.149 loading class org/lwjgl/system/SharedLibrary$Delegate
Event: 1.149 loading class org/lwjgl/system/SharedLibrary$Delegate done


Dynamic libraries:
0x00007ff71cbd0000 - 0x00007ff71cc07000 	C:\Program Files\Java\jre1.8.0_131\bin\javaw.exe
0x00007ffcd1400000 - 0x00007ffcd15d1000 	C:\WINDOWS\SYSTEM32\ntdll.dll
0x00007ffcd0ab0000 - 0x00007ffcd0b5c000 	C:\WINDOWS\System32\KERNEL32.DLL
0x00007ffccd9a0000 - 0x00007ffccdbbd000 	C:\WINDOWS\System32\KERNELBASE.dll
0x00007ffcd0b60000 - 0x00007ffcd0c02000 	C:\WINDOWS\System32\ADVAPI32.dll
0x00007ffcd1170000 - 0x00007ffcd120e000 	C:\WINDOWS\System32\msvcrt.dll
0x00007ffccee70000 - 0x00007ffcceec9000 	C:\WINDOWS\System32\sechost.dll
0x00007ffcd1210000 - 0x00007ffcd1331000 	C:\WINDOWS\System32\RPCRT4.dll
0x00007ffcd0d80000 - 0x00007ffcd0ee5000 	C:\WINDOWS\System32\USER32.dll
0x00007ffcce780000 - 0x00007ffcce79e000 	C:\WINDOWS\System32\win32u.dll
0x00007ffcd0c30000 - 0x00007ffcd0c64000 	C:\WINDOWS\System32\GDI32.dll
0x00007ffcce800000 - 0x00007ffcce982000 	C:\WINDOWS\System32\gdi32full.dll
0x00007ffcc02c0000 - 0x00007ffcc053a000 	C:\WINDOWS\WinSxS\amd64_microsoft.windows.common-controls_6595b64144ccf1df_6.0.14393.953_none_42151e83c686086b\COMCTL32.dll
0x00007ffcce9a0000 - 0x00007ffccec68000 	C:\WINDOWS\System32\combase.dll
0x00007ffcce2a0000 - 0x00007ffcce395000 	C:\WINDOWS\System32\ucrtbase.dll
0x00007ffcce440000 - 0x00007ffcce4aa000 	C:\WINDOWS\System32\bcryptPrimitives.dll
0x00007ffccec80000 - 0x00007ffccecae000 	C:\WINDOWS\System32\IMM32.DLL
0x000000005e9a0000 - 0x000000005ea72000 	C:\Program Files\Java\jre1.8.0_131\bin\msvcr100.dll
0x000000005ec40000 - 0x000000005f4dc000 	C:\Program Files\Java\jre1.8.0_131\bin\server\jvm.dll
0x00007ffcce990000 - 0x00007ffcce998000 	C:\WINDOWS\System32\PSAPI.DLL
0x00007ffcca7d0000 - 0x00007ffcca7d9000 	C:\WINDOWS\SYSTEM32\WSOCK32.dll
0x00007ffcd1100000 - 0x00007ffcd116a000 	C:\WINDOWS\System32\WS2_32.dll
0x00007ffcbca30000 - 0x00007ffcbca3a000 	C:\WINDOWS\SYSTEM32\VERSION.dll
0x00007ffccbd10000 - 0x00007ffccbd33000 	C:\WINDOWS\SYSTEM32\WINMM.dll
0x00007ffccbcb0000 - 0x00007ffccbcdb000 	C:\WINDOWS\SYSTEM32\WINMMBASE.dll
0x00007ffcce730000 - 0x00007ffcce772000 	C:\WINDOWS\System32\cfgmgr32.dll
0x000000005eb50000 - 0x000000005eb5f000 	C:\Program Files\Java\jre1.8.0_131\bin\verify.dll
0x000000005eb20000 - 0x000000005eb49000 	C:\Program Files\Java\jre1.8.0_131\bin\java.dll
0x000000005eb00000 - 0x000000005eb16000 	C:\Program Files\Java\jre1.8.0_131\bin\zip.dll
0x00007ffcceed0000 - 0x00007ffcd03d8000 	C:\WINDOWS\System32\SHELL32.dll
0x00007ffccdbc0000 - 0x00007ffcce29a000 	C:\WINDOWS\System32\windows.storage.dll
0x00007ffccd890000 - 0x00007ffccd8dc000 	C:\WINDOWS\System32\powrprof.dll
0x00007ffccecb0000 - 0x00007ffcced02000 	C:\WINDOWS\System32\shlwapi.dll
0x00007ffccd8e0000 - 0x00007ffccd8ef000 	C:\WINDOWS\System32\kernel.appcore.dll
0x00007ffccd8f0000 - 0x00007ffccd999000 	C:\WINDOWS\System32\shcore.dll
0x00007ffccd860000 - 0x00007ffccd874000 	C:\WINDOWS\System32\profapi.dll
0x000000005e800000 - 0x000000005e998000 	C:\Program Files\Java\jre1.8.0_131\bin\awt.dll
0x00007ffcd1340000 - 0x00007ffcd13ff000 	C:\WINDOWS\System32\OLEAUT32.dll
0x00007ffcce3a0000 - 0x00007ffcce43c000 	C:\WINDOWS\System32\msvcp_win.dll
0x00007ffccbe00000 - 0x00007ffccbe7a000 	C:\WINDOWS\SYSTEM32\apphelp.dll
0x00007ffccbaf0000 - 0x00007ffccbb16000 	C:\WINDOWS\system32\DWMAPI.DLL
0x00007ffccbf30000 - 0x00007ffccbfc5000 	C:\WINDOWS\system32\uxtheme.dll
0x00007ffcaeca0000 - 0x00007ffcaedc3000 	C:\WINDOWS\system32\opengl32.dll
0x00007ffcb29a0000 - 0x00007ffcb29cd000 	C:\WINDOWS\SYSTEM32\GLU32.dll
0x00007ffcaeba0000 - 0x00007ffcaec97000 	C:\WINDOWS\SYSTEM32\DDRAW.dll
0x00007ffcb2c80000 - 0x00007ffcb2c88000 	C:\WINDOWS\SYSTEM32\DCIMAN32.dll
0x00007ffcced10000 - 0x00007ffccee6a000 	C:\WINDOWS\System32\MSCTF.dll
0x00007ffcd0f60000 - 0x00007ffcd1098000 	C:\WINDOWS\System32\ole32.dll
0x000000005e7b0000 - 0x000000005e7f7000 	C:\Program Files\Java\jre1.8.0_131\bin\fontmanager.dll
0x000000005eae0000 - 0x000000005eafa000 	C:\Program Files\Java\jre1.8.0_131\bin\net.dll
0x00007ffccd190000 - 0x00007ffccd1ec000 	C:\WINDOWS\system32\mswsock.dll
0x000000005eac0000 - 0x000000005ead1000 	C:\Program Files\Java\jre1.8.0_131\bin\nio.dll
0x000000005e760000 - 0x000000005e7a2000 	C:\Program Files\Java\jre1.8.0_131\bin\t2k.dll
0x00007ffcb5630000 - 0x00007ffcb5687000 	C:\Users\CYSN\AppData\Local\Temp\lwjglCYSN\3.1.2-build-29\lwjgl.dll
0x00007ffcadb50000 - 0x00007ffcadbac000 	C:\Users\CYSN\AppData\Local\Temp\lwjglCYSN\3.1.2-build-29\lwjgl_opengl.dll
0x00007ffcca1e0000 - 0x00007ffcca372000 	C:\WINDOWS\SYSTEM32\dbghelp.dll

VM Arguments:
jvm_args: -Dfile.encoding=MS949 
java_command: ScreenCapture
java_class_path (initial): C:\Users\CYSN\Desktop\JAVA RemoteControl_ver2\ScreenCapture\bin;C:\Users\CYSN\Desktop\자바 원격지원\lwjgl-stable-2017-05-17-custom\lwjgl.jar;C:\Users\CYSN\Desktop\자바 원격지원\lwjgl-stable-2017-05-17-custom\lwjgl-assimp.jar;C:\Users\CYSN\Desktop\자바 원격지원\lwjgl-stable-2017-05-17-custom\lwjgl-assimp-natives-windows.jar;C:\Users\CYSN\Desktop\자바 원격지원\lwjgl-stable-2017-05-17-custom\lwjgl-bgfx.jar;C:\Users\CYSN\Desktop\자바 원격지원\lwjgl-stable-2017-05-17-custom\lwjgl-bgfx-natives-windows.jar;C:\Users\CYSN\Desktop\자바 원격지원\lwjgl-stable-2017-05-17-custom\lwjgl-egl.jar;C:\Users\CYSN\Desktop\자바 원격지원\lwjgl-stable-2017-05-17-custom\lwjgl-glfw.jar;C:\Users\CYSN\Desktop\자바 원격지원\lwjgl-stable-2017-05-17-custom\lwjgl-glfw-natives-windows.jar;C:\Users\CYSN\Desktop\자바 원격지원\lwjgl-stable-2017-05-17-custom\lwjgl-jawt.jar;C:\Users\CYSN\Desktop\자바 원격지원\lwjgl-stable-2017-05-17-custom\lwjgl-jemalloc.jar;C:\Users\CYSN\Desktop\자바 원격지원\lwjgl-stable-2017-05-17-custom\lwjgl-jemalloc-natives-windows.jar;C:\Users\CYSN\Desktop\자바 원격지원\lwjgl-stable-2017-05-17-custom\lwjgl-lmdb.jar;C:\Users\CYSN\Desktop\자바 원격지원\lwjgl-stable-2017-05-17-custom\lwjgl-lmdb-natives-windows.jar;C:\Users\CYSN\Desktop\자바 원격지원\lwjgl-stable-2017-05-17-custom\lwjgl-nanovg.jar;C:\Users\CYSN\Desktop\자바 원격지원\lwjgl-stable-2017-05-17-custom\lwjgl-nanovg-natives-windows.jar;C:\Users\CYSN\Desktop\자바 원격지원\lwjgl-stable-2017-05-17-custom\lwjgl-natives-windows.jar;C:\Users\CYSN\Desktop\자바 원격지원\lwjgl-stable-2017-05-17-custom\lwjgl-nfd.jar;C:\Users\CYSN\Desktop\자바 원격지원\lwjgl-stable-2017-05-17-custom\lwjgl-nfd-natives-windows.jar;C:\Users\CYSN\Desktop\자바 원격지원\lwjgl-stable-2017-05-17-custom\lwjgl-nuklear.jar;C:\Users\CYSN\Desktop\자바 원격지원\lwjgl-stable-2017-05-17-custom\lwjgl-nuklear-natives-windows.jar;C:\Users\CYSN\Desktop\자바 원격지원\lwjgl-stable-2017-05-17-custom\lwjgl-openal.jar;C:\Users\CYSN\Desktop\자바 원
Launcher Type: SUN_STANDARD

Environment Variables:
JAVA_HOME=C:\Program Files\Java\jdk1.8.0_111;C:\Program Files\Java\jdk1.8.0_111\lib
PATH=C:/Program Files/Java/jre1.8.0_131/bin/server;C:/Program Files/Java/jre1.8.0_131/bin;C:/Program Files/Java/jre1.8.0_131/lib/amd64;C:\Oracle\product\11.2.0\dbhome_1\bin;C:\ProgramData\Oracle\Java\javapath;C:\Program Files (x86)\Intel\iCLS Client\;C:\Program Files\Intel\iCLS Client\;C:\WINDOWS\system32;C:\WINDOWS;C:\WINDOWS\System32\Wbem;C:\WINDOWS\System32\WindowsPowerShell\v1.0\;C:\Program Files (x86)\Intel\Intel(R) Management Engine Components\DAL;C:\Program Files\Intel\Intel(R) Management Engine Components\DAL;C:\Program Files (x86)\Intel\Intel(R) Management Engine Components\IPT;C:\Program Files\Intel\Intel(R) Management Engine Components\IPT;C:\Users\CYSN\.dnx\bin;C:\Program Files\Microsoft DNX\Dnvm\;C:\Program Files (x86)\Windows Kits\8.1\Windows Performance Toolkit\;C:\Program Files\Microsoft SQL Server\130\Tools\Binn\;C:\Program Files\Java\jdk1.8.0_111\bin;C:\Program Files\MySQL\MySQL Utilities 1.6\;C:\Program Files\Git\cmd;C:\Program Files\Intel\WiFi\bin\;C:\Program Files\Common Files\Intel\WirelessCommon\;C:\Program Files\Java\jdk1.8.0_111;C:\Program Files\Java\jdk1.8.0_111\lib\bin;C:\Users\CYSN\AppData\Local\Microsoft\WindowsApps;C:\Program Files\Intel\WiFi\bin\;C:\Program Files\Common Files\Intel\WirelessCommon\;C:\Users\CYSN\Desktop;
USERNAME=CYSN
OS=Windows_NT
PROCESSOR_IDENTIFIER=Intel64 Family 6 Model 142 Stepping 9, GenuineIntel



---------------  S Y S T E M  ---------------

OS: Windows 10.0 , 64 bit Build 14393 (10.0.14393.1198)

CPU:total 4 (initial active 4) (2 cores per cpu, 2 threads per core) family 6 model 142 stepping 9, cmov, cx8, fxsr, mmx, sse, sse2, sse3, ssse3, sse4.1, sse4.2, popcnt, avx, avx2, aes, clmul, erms, 3dnowpref, lzcnt, ht, tsc, tscinvbit, bmi1, bmi2, adx

Memory: 4k page, physical 8298060k(3361260k free), swap 15900236k(6952200k free)

vm_info: Java HotSpot(TM) 64-Bit Server VM (25.131-b11) for windows-amd64 JRE (1.8.0_131-b11), built on Mar 15 2017 01:23:53 by "java_re" with MS VC++ 10.0 (VS2010)

time: Thu May 18 19:21:44 2017
elapsed time: 1 seconds (0d 0h 0m 1s)

