#
# A fatal error has been detected by the Java Runtime Environment:
#
#  EXCEPTION_ACCESS_VIOLATION (0xc0000005) at pc=0x00007ffcba4a0022, pid=14248, tid=0x0000000000001be8
#
# JRE version: Java(TM) SE Runtime Environment (8.0_131-b11) (build 1.8.0_131-b11)
# Java VM: Java HotSpot(TM) 64-Bit Server VM (25.131-b11 mixed mode windows-amd64 compressed oops)
# Problematic frame:
# C  [lwjgl_opengl.dll+0x10022]
#
# Failed to write core dump. Minidumps are not enabled by default on client versions of Windows
#
# If you would like to submit a bug report, please visit:
#   http://bugreport.java.com/bugreport/crash.jsp
# The crash happened outside the Java Virtual Machine in native code.
# See problematic frame for where to report the bug.
#

---------------  T H R E A D  ---------------

Current thread (0x000000001a209800):  JavaThread "Thread-2" [_thread_in_native, id=7144, stack(0x000000001b1d0000,0x000000001b2d0000)]

siginfo: ExceptionCode=0xc0000005, reading address 0x0000000000002cc8

Registers:
RAX=0x0000000000001907, RBX=0x0000000000000000, RCX=0x0000000000000000, RDX=0x0000000000000000
RSP=0x000000001b2cf120, RBP=0x000000001b2cf218, RSI=0x0000000012125000, RDI=0x0000000003177e70
R8 =0x0000000000000001, R9 =0x0000000000000002, R10=0x0000000000000000, R11=0x000000005ee6bd80
R12=0x0000000000000000, R13=0x0000000017abce90, R14=0x000000001b2cf270, R15=0x000000001a209800
RIP=0x00007ffcba4a0022, EFLAGS=0x0000000000010202

Top of Stack: (sp=0x000000001b2cf120)
0x000000001b2cf120:   0000000017abce90 000000001a209800
0x000000001b2cf130:   0000000003177e70 0000000003187e06
0x000000001b2cf140:   0000000000001907 0000000000001401
0x000000001b2cf150:   00000000196ecf00 0000000012125000
0x000000001b2cf160:   0000000017abce90 0000000003187f74
0x000000001b2cf170:   000000001a1f7740 000000005ecf75ea
0x000000001b2cf180:   000000001b2cf688 000000001b2cf218
0x000000001b2cf190:   0000000000000001 0000000000000002
0x000000001b2cf1a0:   0000000000001907 0000000000001401
0x000000001b2cf1b0:   00000000196ecf00 0000000017abce90
0x000000001b2cf1c0:   0000000012125000 000000001a209800
0x000000001b2cf1d0:   0000000003187ca2 000000001b2cf1d8
0x000000001b2cf1e0:   0000000017abce90 000000001b2cf270
0x000000001b2cf1f0:   0000000017ad4778 0000000000000000
0x000000001b2cf200:   0000000017abce90 0000000000000000
0x000000001b2cf210:   000000001b2cf238 000000001b2cf2b8 

Instructions: (pc=0x00007ffcba4a0022)
0x00007ffcba4a0002:   24 90 00 00 00 48 89 44 24 30 8b 84 24 88 00 00
0x00007ffcba4a0012:   00 89 44 24 28 8b 84 24 80 00 00 00 89 44 24 20
0x00007ffcba4a0022:   41 ff 92 c8 2c 00 00 48 83 c4 40 5b c3 cc 40 53
0x00007ffcba4a0032:   48 8b 01 41 8b d8 44 8b 44 24 30 41 8b d1 44 8b 


Register to memory mapping:

RAX=0x0000000000001907 is an unknown value
RBX=0x0000000000000000 is an unknown value
RCX=0x0000000000000000 is an unknown value
RDX=0x0000000000000000 is an unknown value
RSP=0x000000001b2cf120 is pointing into the stack for thread: 0x000000001a209800
RBP=0x000000001b2cf218 is pointing into the stack for thread: 0x000000001a209800
RSI=0x0000000012125000 is an unknown value
RDI=0x0000000003177e70 is at code_begin+1040 in an Interpreter codelet
invoke return entry points  [0x0000000003177a60, 0x0000000003178440]  2528 bytes
R8 =0x0000000000000001 is an unknown value
R9 =0x0000000000000002 is an unknown value
R10=0x0000000000000000 is an unknown value
R11=0x000000005ee6bd80 is an unknown value
R12=0x0000000000000000 is an unknown value
R13={method} {0x0000000017abce98} 'nglReadPixels' '(IIIIIIJ)V' in 'org/lwjgl/opengl/GL11'
R14=0x000000001b2cf270 is pointing into the stack for thread: 0x000000001a209800
R15=0x000000001a209800 is a thread


Stack: [0x000000001b1d0000,0x000000001b2d0000],  sp=0x000000001b2cf120,  free space=1020k
Native frames: (J=compiled Java code, j=interpreted, Vv=VM code, C=native code)
C  [lwjgl_opengl.dll+0x10022]
C  0x0000000003187f74

Java frames: (J=compiled Java code, j=interpreted, Vv=VM code)
j  org.lwjgl.opengl.GL11.nglReadPixels(IIIIIIJ)V+0
j  org.lwjgl.opengl.GL11.glReadPixels(IIIIIILjava/nio/ByteBuffer;)V+13
j  ScreenCapture$ScreenPanel.screenShot()Ljava/awt/image/BufferedImage;+21
j  ScreenCapture$ScreenPanel.run()V+23
j  java.lang.Thread.run()V+11
v  ~StubRoutines::call_stub

---------------  P R O C E S S  ---------------

Java Threads: ( => current thread )
  0x0000000003072800 JavaThread "DestroyJavaVM" [_thread_blocked, id=13024, stack(0x0000000002f70000,0x0000000003070000)]
  0x000000001a222800 JavaThread "Thread-3" [_thread_blocked, id=9892, stack(0x000000001b2d0000,0x000000001b3d0000)]
=>0x000000001a209800 JavaThread "Thread-2" [_thread_in_native, id=7144, stack(0x000000001b1d0000,0x000000001b2d0000)]
  0x0000000019ffc000 JavaThread "AWT-EventQueue-0" [_thread_blocked, id=8204, stack(0x000000001afd0000,0x000000001b0d0000)]
  0x00000000196dc000 JavaThread "AWT-Windows" daemon [_thread_in_native, id=6272, stack(0x0000000019e10000,0x0000000019f10000)]
  0x00000000196db000 JavaThread "AWT-Shutdown" [_thread_blocked, id=2432, stack(0x0000000019d10000,0x0000000019e10000)]
  0x00000000196d9800 JavaThread "Java2D Disposer" daemon [_thread_blocked, id=7304, stack(0x0000000019c10000,0x0000000019d10000)]
  0x00000000193a1000 JavaThread "Service Thread" daemon [_thread_blocked, id=6624, stack(0x0000000019940000,0x0000000019a40000)]
  0x000000001939b800 JavaThread "C1 CompilerThread2" daemon [_thread_blocked, id=13912, stack(0x0000000019840000,0x0000000019940000)]
  0x0000000019395800 JavaThread "C2 CompilerThread1" daemon [_thread_blocked, id=10260, stack(0x0000000019740000,0x0000000019840000)]
  0x0000000017d2b800 JavaThread "C2 CompilerThread0" daemon [_thread_blocked, id=2512, stack(0x0000000019240000,0x0000000019340000)]
  0x0000000017d29800 JavaThread "Attach Listener" daemon [_thread_blocked, id=11760, stack(0x0000000019140000,0x0000000019240000)]
  0x0000000017cdb000 JavaThread "Signal Dispatcher" daemon [_thread_blocked, id=9472, stack(0x0000000019040000,0x0000000019140000)]
  0x000000000316a800 JavaThread "Finalizer" daemon [_thread_blocked, id=6940, stack(0x0000000018f40000,0x0000000019040000)]
  0x0000000017c99800 JavaThread "Reference Handler" daemon [_thread_blocked, id=1436, stack(0x0000000018e40000,0x0000000018f40000)]

Other Threads:
  0x0000000017c97000 VMThread [stack: 0x0000000018d40000,0x0000000018e40000] [id=9136]
  0x00000000193b3000 WatcherThread [stack: 0x0000000019a40000,0x0000000019b40000] [id=3660]

VM state:not at safepoint (normal execution)

VM Mutex/Monitor currently owned by a thread: None

Heap:
 PSYoungGen      total 38400K, used 27008K [0x00000000d5d00000, 0x00000000d8780000, 0x0000000100000000)
  eden space 33280K, 81% used [0x00000000d5d00000,0x00000000d77603e8,0x00000000d7d80000)
  from space 5120K, 0% used [0x00000000d8280000,0x00000000d8280000,0x00000000d8780000)
  to   space 5120K, 0% used [0x00000000d7d80000,0x00000000d7d80000,0x00000000d8280000)
 ParOldGen       total 87552K, used 0K [0x0000000081600000, 0x0000000086b80000, 0x00000000d5d00000)
  object space 87552K, 0% used [0x0000000081600000,0x0000000081600000,0x0000000086b80000)
 Metaspace       used 10625K, capacity 10968K, committed 11136K, reserved 1058816K
  class space    used 1245K, capacity 1360K, committed 1408K, reserved 1048576K

Card table byte_map: [0x0000000012530000,0x0000000012930000] byte_map_base: 0x0000000012125000

Marking Bits: (ParMarkBitMap*) 0x000000005f45c720
 Begin Bits: [0x0000000012fe0000, 0x0000000014f88000)
 End Bits:   [0x0000000014f88000, 0x0000000016f30000)

Polling page: 0x0000000002ad0000

CodeCache: size=245760Kb used=2940Kb max_used=2949Kb free=242819Kb
 bounds [0x0000000003170000, 0x0000000003460000, 0x0000000012170000]
 total_blobs=1258 nmethods=762 adapters=409
 compilation: enabled

Compilation events (10 events):
Event: 3.069 Thread 0x000000001939b800 nmethod 757 0x000000000344e150 code [0x000000000344e340, 0x000000000344ee58]
Event: 3.069 Thread 0x0000000017d2b800 nmethod 745% 0x0000000003452a90 code [0x0000000003452be0, 0x0000000003453578]
Event: 3.076 Thread 0x000000001939b800  758       3       java.nio.IntBuffer::<init> (12 bytes)
Event: 3.077 Thread 0x000000001939b800 nmethod 758 0x0000000003448010 code [0x0000000003448180, 0x00000000034483a8]
Event: 3.077 Thread 0x000000001939b800  759       3       java.nio.IntBuffer::<init> (22 bytes)
Event: 3.077 Thread 0x000000001939b800 nmethod 759 0x0000000003447c10 code [0x0000000003447d80, 0x0000000003447f48]
Event: 3.082 Thread 0x000000001939b800  761       1       java.net.URLStreamHandler::getDefaultPort (2 bytes)
Event: 3.082 Thread 0x000000001939b800 nmethod 761 0x0000000003447890 code [0x00000000034479e0, 0x0000000003447af0]
Event: 3.082 Thread 0x000000001939b800  762       1       java.net.URL::getUserInfo (5 bytes)
Event: 3.083 Thread 0x000000001939b800 nmethod 762 0x0000000003452410 code [0x0000000003452560, 0x0000000003452670]

GC Heap History (0 events):
No events

Deoptimization events (10 events):
Event: 0.911 Thread 0x0000000003072800 Uncommon trap: reason=null_check action=make_not_entrant pc=0x00000000032f029c method=java.lang.String.equals(Ljava/lang/Object;)Z @ 8
Event: 1.480 Thread 0x0000000003072800 Uncommon trap: reason=class_check action=maybe_recompile pc=0x0000000003307468 method=java.lang.String.equals(Ljava/lang/Object;)Z @ 8
Event: 1.480 Thread 0x0000000003072800 Uncommon trap: reason=class_check action=maybe_recompile pc=0x0000000003307468 method=java.lang.String.equals(Ljava/lang/Object;)Z @ 8
Event: 1.480 Thread 0x0000000003072800 Uncommon trap: reason=class_check action=maybe_recompile pc=0x0000000003307468 method=java.lang.String.equals(Ljava/lang/Object;)Z @ 8
Event: 1.480 Thread 0x0000000003072800 Uncommon trap: reason=class_check action=maybe_recompile pc=0x0000000003307468 method=java.lang.String.equals(Ljava/lang/Object;)Z @ 8
Event: 2.634 Thread 0x0000000003072800 Uncommon trap: reason=unstable_if action=reinterpret pc=0x00000000033d7990 method=java.lang.Character.isSurrogate(C)Z @ 3
Event: 2.634 Thread 0x0000000003072800 Uncommon trap: reason=unstable_if action=reinterpret pc=0x000000000332f14c method=java.lang.String.toLowerCase(Ljava/util/Locale;)Ljava/lang/String; @ 37
Event: 2.829 Thread 0x000000001a209800 Uncommon trap: reason=unstable_if action=reinterpret pc=0x00000000033d3df4 method=java.lang.ThreadLocal.get()Ljava/lang/Object; @ 11
Event: 2.931 Thread 0x000000001a209800 Uncommon trap: reason=unstable_if action=reinterpret pc=0x00000000033f0fa0 method=java.nio.channels.spi.AbstractInterruptibleChannel.end(Z)V @ 31
Event: 3.001 Thread 0x000000001a209800 Uncommon trap: reason=unstable_if action=reinterpret pc=0x0000000003407200 method=java.lang.String.indexOf([CII[CIII)I @ 3

Internal exceptions (10 events):
Event: 0.721 Thread 0x0000000003072800 Exception <a 'java/lang/NoSuchFieldError': method resolution failed> (0x00000000d5f547c8) thrown at [C:\re\workspace\8-2-build-windows-amd64-cygwin\jdk8u131\8869\hotspot\src\share\vm\prims\methodHandles.cpp, line 1146]
Event: 0.732 Thread 0x0000000003072800 Exception <a 'java/lang/NoSuchFieldError': method resolution failed> (0x00000000d5f61b98) thrown at [C:\re\workspace\8-2-build-windows-amd64-cygwin\jdk8u131\8869\hotspot\src\share\vm\prims\methodHandles.cpp, line 1146]
Event: 0.836 Thread 0x0000000003072800 Exception <a 'java/io/FileNotFoundException'> (0x00000000d5ff6890) thrown at [C:\re\workspace\8-2-build-windows-amd64-cygwin\jdk8u131\8869\hotspot\src\share\vm\prims\jni.cpp, line 709]
Event: 0.911 Thread 0x0000000003072800 Implicit null exception at 0x00000000032f00db to 0x00000000032f028d
Event: 1.116 Thread 0x0000000003072800 Exception <a 'java/io/FileNotFoundException'> (0x00000000d615e218) thrown at [C:\re\workspace\8-2-build-windows-amd64-cygwin\jdk8u131\8869\hotspot\src\share\vm\prims\jni.cpp, line 709]
Event: 1.116 Thread 0x0000000003072800 Exception <a 'java/lang/NullPointerException'> (0x00000000d615e8c0) thrown at [C:\re\workspace\8-2-build-windows-amd64-cygwin\jdk8u131\8869\hotspot\src\share\vm\interpreter\linkResolver.cpp, line 1197]
Event: 2.829 Thread 0x000000001a209800 Implicit null exception at 0x00000000033d3d5a to 0x00000000033d3de1
Event: 2.887 Thread 0x000000001a209800 Exception <a 'java/lang/NoSuchMethodError': java.lang.Object.lambda$static$0(Ljava/lang/String;)Ljava/lang/Boolean;> (0x00000000d75d9cf0) thrown at [C:\re\workspace\8-2-build-windows-amd64-cygwin\jdk8u131\8869\hotspot\src\share\vm\interpreter\linkResolver
Event: 3.048 Thread 0x000000001a209800 Exception <a 'sun/nio/fs/WindowsException'> (0x00000000d76bbeb0) thrown at [C:\re\workspace\8-2-build-windows-amd64-cygwin\jdk8u131\8869\hotspot\src\share\vm\prims\jni.cpp, line 709]
Event: 3.049 Thread 0x000000001a209800 Exception <a 'sun/nio/fs/WindowsException'> (0x00000000d76bc680) thrown at [C:\re\workspace\8-2-build-windows-amd64-cygwin\jdk8u131\8869\hotspot\src\share\vm\prims\jni.cpp, line 709]

Events (10 events):
Event: 3.077 loading class org/lwjgl/system/jni/JNINativeInterface
Event: 3.077 loading class org/lwjgl/system/jni/JNINativeInterface done
Event: 3.080 loading class org/lwjgl/system/windows/WinBase
Event: 3.080 loading class org/lwjgl/system/windows/WinBase done
Event: 3.081 loading class org/lwjgl/opengl/GL$1
Event: 3.081 loading class org/lwjgl/opengl/GL$1 done
Event: 3.082 loading class org/lwjgl/opengl/GL$SharedLibraryGL
Event: 3.082 loading class org/lwjgl/opengl/GL$SharedLibraryGL done
Event: 3.082 loading class org/lwjgl/system/SharedLibrary$Delegate
Event: 3.082 loading class org/lwjgl/system/SharedLibrary$Delegate done


Dynamic libraries:
0x00007ff71cbd0000 - 0x00007ff71cc07000 	C:\Program Files\Java\jre1.8.0_131\bin\javaw.exe
0x00007ffcd1400000 - 0x00007ffcd15d1000 	C:\WINDOWS\SYSTEM32\ntdll.dll
0x00007ffcd0ab0000 - 0x00007ffcd0b5c000 	C:\WINDOWS\System32\KERNEL32.DLL
0x00007ffccd9a0000 - 0x00007ffccdbbd000 	C:\WINDOWS\System32\KERNELBASE.dll
0x00007ffcd0b60000 - 0x00007ffcd0c02000 	C:\WINDOWS\System32\ADVAPI32.dll
0x00007ffcd1170000 - 0x00007ffcd120e000 	C:\WINDOWS\System32\msvcrt.dll
0x00007ffccee70000 - 0x00007ffcceec9000 	C:\WINDOWS\System32\sechost.dll
0x00007ffcd1210000 - 0x00007ffcd1331000 	C:\WINDOWS\System32\RPCRT4.dll
0x00007ffcd0d80000 - 0x00007ffcd0ee5000 	C:\WINDOWS\System32\USER32.dll
0x00007ffcce780000 - 0x00007ffcce79e000 	C:\WINDOWS\System32\win32u.dll
0x00007ffcd0c30000 - 0x00007ffcd0c64000 	C:\WINDOWS\System32\GDI32.dll
0x00007ffcce800000 - 0x00007ffcce982000 	C:\WINDOWS\System32\gdi32full.dll
0x00007ffcc02c0000 - 0x00007ffcc053a000 	C:\WINDOWS\WinSxS\amd64_microsoft.windows.common-controls_6595b64144ccf1df_6.0.14393.953_none_42151e83c686086b\COMCTL32.dll
0x00007ffcce9a0000 - 0x00007ffccec68000 	C:\WINDOWS\System32\combase.dll
0x00007ffcce2a0000 - 0x00007ffcce395000 	C:\WINDOWS\System32\ucrtbase.dll
0x00007ffcce440000 - 0x00007ffcce4aa000 	C:\WINDOWS\System32\bcryptPrimitives.dll
0x00007ffccec80000 - 0x00007ffccecae000 	C:\WINDOWS\System32\IMM32.DLL
0x000000005e9a0000 - 0x000000005ea72000 	C:\Program Files\Java\jre1.8.0_131\bin\msvcr100.dll
0x000000005ec40000 - 0x000000005f4dc000 	C:\Program Files\Java\jre1.8.0_131\bin\server\jvm.dll
0x00007ffcce990000 - 0x00007ffcce998000 	C:\WINDOWS\System32\PSAPI.DLL
0x00007ffcca7d0000 - 0x00007ffcca7d9000 	C:\WINDOWS\SYSTEM32\WSOCK32.dll
0x00007ffcd1100000 - 0x00007ffcd116a000 	C:\WINDOWS\System32\WS2_32.dll
0x00007ffccbd10000 - 0x00007ffccbd33000 	C:\WINDOWS\SYSTEM32\WINMM.dll
0x00007ffcbca30000 - 0x00007ffcbca3a000 	C:\WINDOWS\SYSTEM32\VERSION.dll
0x00007ffccbcb0000 - 0x00007ffccbcdb000 	C:\WINDOWS\SYSTEM32\WINMMBASE.dll
0x00007ffcce730000 - 0x00007ffcce772000 	C:\WINDOWS\System32\cfgmgr32.dll
0x000000005eb50000 - 0x000000005eb5f000 	C:\Program Files\Java\jre1.8.0_131\bin\verify.dll
0x000000005eb20000 - 0x000000005eb49000 	C:\Program Files\Java\jre1.8.0_131\bin\java.dll
0x000000005eb00000 - 0x000000005eb16000 	C:\Program Files\Java\jre1.8.0_131\bin\zip.dll
0x00007ffcceed0000 - 0x00007ffcd03d8000 	C:\WINDOWS\System32\SHELL32.dll
0x00007ffccdbc0000 - 0x00007ffcce29a000 	C:\WINDOWS\System32\windows.storage.dll
0x00007ffccd890000 - 0x00007ffccd8dc000 	C:\WINDOWS\System32\powrprof.dll
0x00007ffccecb0000 - 0x00007ffcced02000 	C:\WINDOWS\System32\shlwapi.dll
0x00007ffccd8e0000 - 0x00007ffccd8ef000 	C:\WINDOWS\System32\kernel.appcore.dll
0x00007ffccd8f0000 - 0x00007ffccd999000 	C:\WINDOWS\System32\shcore.dll
0x00007ffccd860000 - 0x00007ffccd874000 	C:\WINDOWS\System32\profapi.dll
0x000000005e800000 - 0x000000005e998000 	C:\Program Files\Java\jre1.8.0_131\bin\awt.dll
0x00007ffcd1340000 - 0x00007ffcd13ff000 	C:\WINDOWS\System32\OLEAUT32.dll
0x00007ffcce3a0000 - 0x00007ffcce43c000 	C:\WINDOWS\System32\msvcp_win.dll
0x00007ffccbe00000 - 0x00007ffccbe7a000 	C:\WINDOWS\SYSTEM32\apphelp.dll
0x00007ffccbaf0000 - 0x00007ffccbb16000 	C:\WINDOWS\system32\DWMAPI.DLL
0x00007ffccbf30000 - 0x00007ffccbfc5000 	C:\WINDOWS\system32\uxtheme.dll
0x00007ffcaeca0000 - 0x00007ffcaedc3000 	C:\WINDOWS\system32\opengl32.dll
0x00007ffcb29a0000 - 0x00007ffcb29cd000 	C:\WINDOWS\SYSTEM32\GLU32.dll
0x00007ffcaeba0000 - 0x00007ffcaec97000 	C:\WINDOWS\SYSTEM32\DDRAW.dll
0x00007ffcb2c80000 - 0x00007ffcb2c88000 	C:\WINDOWS\SYSTEM32\DCIMAN32.dll
0x00007ffcced10000 - 0x00007ffccee6a000 	C:\WINDOWS\System32\MSCTF.dll
0x00007ffcd0f60000 - 0x00007ffcd1098000 	C:\WINDOWS\System32\ole32.dll
0x000000005e7b0000 - 0x000000005e7f7000 	C:\Program Files\Java\jre1.8.0_131\bin\fontmanager.dll
0x000000005eae0000 - 0x000000005eafa000 	C:\Program Files\Java\jre1.8.0_131\bin\net.dll
0x00007ffccd190000 - 0x00007ffccd1ec000 	C:\WINDOWS\system32\mswsock.dll
0x000000005eac0000 - 0x000000005ead1000 	C:\Program Files\Java\jre1.8.0_131\bin\nio.dll
0x000000005e760000 - 0x000000005e7a2000 	C:\Program Files\Java\jre1.8.0_131\bin\t2k.dll
0x00007ffcba4f0000 - 0x00007ffcba547000 	C:\Users\CYSN\AppData\Local\Temp\lwjglCYSN\3.1.2-build-29\lwjgl.dll
0x00007ffcd0ce0000 - 0x00007ffcd0d7f000 	C:\WINDOWS\System32\clbcatq.dll
0x00007ffcb5250000 - 0x00007ffcb5322000 	C:\Windows\System32\IME\IMEKR\imkrtip.dll
0x00007ffccb1d0000 - 0x00007ffccb355000 	C:\WINDOWS\SYSTEM32\PROPSYS.dll
0x00007ffcb50f0000 - 0x00007ffcb5246000 	C:\Windows\System32\IME\shared\imetip.dll
0x00007ffcbf950000 - 0x00007ffcbf9b5000 	C:\WINDOWS\SYSTEM32\OLEACC.dll
0x00007ffcb4f40000 - 0x00007ffcb50e8000 	C:\WINDOWS\SYSTEM32\DUI70.dll
0x00007ffcba490000 - 0x00007ffcba4ec000 	C:\Users\CYSN\AppData\Local\Temp\lwjglCYSN\3.1.2-build-29\lwjgl_opengl.dll
0x00007ffcb4f00000 - 0x00007ffcb4f38000 	C:\Windows\System32\IME\IMEKR\imkrapi.dll
0x00007ffcb4ec0000 - 0x00007ffcb4ef5000 	C:\Windows\System32\IME\shared\imjkapi.dll
0x00007ffcccc60000 - 0x00007ffcccc92000 	C:\WINDOWS\SYSTEM32\ntmarta.dll
0x00007ffcca1e0000 - 0x00007ffcca372000 	C:\WINDOWS\SYSTEM32\dbghelp.dll

VM Arguments:
jvm_args: -Dfile.encoding=MS949 
java_command: ScreenCapture
java_class_path (initial): C:\Users\CYSN\Desktop\JAVA RemoteControl_ver2\ScreenCapture\bin;C:\Users\CYSN\Desktop\자바 원격지원\lwjgl-stable-2017-05-17-custom\lwjgl.jar;C:\Users\CYSN\Desktop\자바 원격지원\lwjgl-stable-2017-05-17-custom\lwjgl-opengl.jar;C:\Users\CYSN\Desktop\자바 원격지원\lwjgl-stable-2017-05-17-custom
Launcher Type: SUN_STANDARD

Environment Variables:
JAVA_HOME=C:\Program Files\Java\jdk1.8.0_111;C:\Program Files\Java\jdk1.8.0_111\lib
PATH=C:/Program Files/Java/jre1.8.0_131/bin/server;C:/Program Files/Java/jre1.8.0_131/bin;C:/Program Files/Java/jre1.8.0_131/lib/amd64;C:\Oracle\product\11.2.0\dbhome_1\bin;C:\ProgramData\Oracle\Java\javapath;C:\Program Files (x86)\Intel\iCLS Client\;C:\Program Files\Intel\iCLS Client\;C:\WINDOWS\system32;C:\WINDOWS;C:\WINDOWS\System32\Wbem;C:\WINDOWS\System32\WindowsPowerShell\v1.0\;C:\Program Files (x86)\Intel\Intel(R) Management Engine Components\DAL;C:\Program Files\Intel\Intel(R) Management Engine Components\DAL;C:\Program Files (x86)\Intel\Intel(R) Management Engine Components\IPT;C:\Program Files\Intel\Intel(R) Management Engine Components\IPT;C:\Users\CYSN\.dnx\bin;C:\Program Files\Microsoft DNX\Dnvm\;C:\Program Files (x86)\Windows Kits\8.1\Windows Performance Toolkit\;C:\Program Files\Microsoft SQL Server\130\Tools\Binn\;C:\Program Files\Java\jdk1.8.0_111\bin;C:\Program Files\MySQL\MySQL Utilities 1.6\;C:\Program Files\Git\cmd;C:\Program Files\Intel\WiFi\bin\;C:\Program Files\Common Files\Intel\WirelessCommon\;C:\Program Files\Java\jdk1.8.0_111;C:\Program Files\Java\jdk1.8.0_111\lib\bin;C:\Users\CYSN\AppData\Local\Microsoft\WindowsApps;C:\Program Files\Intel\WiFi\bin\;C:\Program Files\Common Files\Intel\WirelessCommon\;C:\Users\CYSN\Desktop;
USERNAME=CYSN
OS=Windows_NT
PROCESSOR_IDENTIFIER=Intel64 Family 6 Model 142 Stepping 9, GenuineIntel



---------------  S Y S T E M  ---------------

OS: Windows 10.0 , 64 bit Build 14393 (10.0.14393.1198)

CPU:total 4 (initial active 4) (2 cores per cpu, 2 threads per core) family 6 model 142 stepping 9, cmov, cx8, fxsr, mmx, sse, sse2, sse3, ssse3, sse4.1, sse4.2, popcnt, avx, avx2, aes, clmul, erms, 3dnowpref, lzcnt, ht, tsc, tscinvbit, bmi1, bmi2, adx

Memory: 4k page, physical 8298060k(3409880k free), swap 15900236k(7010036k free)

vm_info: Java HotSpot(TM) 64-Bit Server VM (25.131-b11) for windows-amd64 JRE (1.8.0_131-b11), built on Mar 15 2017 01:23:53 by "java_re" with MS VC++ 10.0 (VS2010)

time: Thu May 18 19:18:49 2017
elapsed time: 3 seconds (0d 0h 0m 3s)

